<?xml version="1.0" encoding="UTF-8"?>
<!-- Generated by org.testng.reporters.JUnitReportReporter -->
<testsuite hostname="NCSIN04K4GYP3C0" failures="0" tests="4" name="com.ncs.advancedselenium.NetAporterWebsite.NetAPorterAccountPageTest" time="62.464" errors="0" timestamp="2023-07-18T12:03:27 IST" skipped="0">
  <testcase classname="com.ncs.advancedselenium.NetAporterWebsite.NetAPorterAccountPageTest" name="invalid_birthday_date" time="15.804"/>
  <system-out/>
  <testcase classname="com.ncs.advancedselenium.NetAporterWebsite.NetAPorterAccountPageTest" name="invalid_email_field" time="14.763"/>
  <system-out/>
  <testcase classname="com.ncs.advancedselenium.NetAporterWebsite.NetAPorterAccountPageTest" name="invalid_password_field" time="14.123"/>
  <system-out/>
  <testcase classname="com.ncs.advancedselenium.NetAporterWebsite.NetAPorterAccountPageTest" name="validRegistration" time="17.774"/>
  <system-out/>
</testsuite> <!-- com.ncs.advancedselenium.NetAporterWebsite.NetAPorterAccountPageTest -->
