<?xml version="1.0" encoding="UTF-8"?>
<!-- Generated by org.testng.reporters.JUnitReportReporter -->
<testsuite hostname="NCSIN04K4GYP3C0" failures="0" tests="1" name="com.ncs.advancedselenium.NetAporterWebsite.NetAPorterHomePageTest" time="15.007" errors="0" timestamp="16 Jul 2023 13:21:44 GMT" skipped="0">
  <testcase classname="com.ncs.advancedselenium.NetAporterWebsite.NetAPorterHomePageTest" name="f" time="15.007"/>
</testsuite> <!-- com.ncs.advancedselenium.NetAporterWebsite.NetAPorterHomePageTest -->
