<?xml version="1.0" encoding="UTF-8"?>
<!-- Generated by org.testng.reporters.JUnitReportReporter -->
<testsuite hostname="NCSIN04K4GYP3C0" failures="0" tests="2" name="com.ncs.advancedselenium.NetAporterWebsite.NetAPorterHomePageTest" time="45.170" errors="0" timestamp="2023-07-18T10:37:04 IST" skipped="0">
  <testcase classname="com.ncs.advancedselenium.NetAporterWebsite.NetAPorterHomePageTest" name="clicking_on_account_tab" time="16.867"/>
  <system-out/>
  <testcase classname="com.ncs.advancedselenium.NetAporterWebsite.NetAPorterHomePageTest" name="choosing_language_japanese" time="28.303"/>
  <system-out/>
</testsuite> <!-- com.ncs.advancedselenium.NetAporterWebsite.NetAPorterHomePageTest -->
