<?xml version="1.0" encoding="UTF-8"?>
<!-- Generated by org.testng.reporters.JUnitReportReporter -->
<testsuite hostname="NCSIN04K4GYP3C0" failures="0" tests="1" name="com.ncs.advancedselenium.NetAporterWebsite.NetAPorterEndToEndScenarioTest" time="36.705" errors="0" timestamp="2023-07-18T10:37:04 IST" skipped="0">
  <testcase classname="com.ncs.advancedselenium.NetAporterWebsite.NetAPorterEndToEndScenarioTest" name="checkingFullFunctionality" time="36.705"/>
  <system-out/>
</testsuite> <!-- com.ncs.advancedselenium.NetAporterWebsite.NetAPorterEndToEndScenarioTest -->
