<?xml version="1.0" encoding="UTF-8"?>
<testsuite xmlns:xsi="http://www.w3.org/2001/XMLSchema-instance" xsi:noNamespaceSchemaLocation="https://maven.apache.org/surefire/maven-surefire-plugin/xsd/surefire-test-report-3.0.xsd" version="3.0" name="TestSuite" time="147.142" tests="11" errors="0" skipped="0" failures="0">
  <properties>
    <property name="java.specification.version" value="17"/>
    <property name="webdriver.chrome.driver" value="C:\Users\P1345365\.cache\selenium\chromedriver\win32\112.0.5615.49\chromedriver.exe"/>
    <property name="sun.cpu.isalist" value="amd64"/>
    <property name="sun.jnu.encoding" value="Cp1252"/>
    <property name="java.class.path" value="D:\Projects\Projects\Selenabler_Framework\Selenabler2.0\target\test-classes;D:\Projects\Projects\Selenabler_Framework\Selenabler2.0\target\classes;C:\Users\P1345365\.m2\repository\org\apache\commons\commons-collections4\4.1\commons-collections4-4.1.jar;C:\Users\P1345365\.m2\repository\org\fluttercode\datafactory\datafactory\0.8\datafactory-0.8.jar;C:\Users\P1345365\.m2\repository\org\seleniumhq\selenium\selenium-java\3.12.0\selenium-java-3.12.0.jar;C:\Users\P1345365\.m2\repository\org\seleniumhq\selenium\selenium-api\3.12.0\selenium-api-3.12.0.jar;C:\Users\P1345365\.m2\repository\org\seleniumhq\selenium\selenium-chrome-driver\3.12.0\selenium-chrome-driver-3.12.0.jar;C:\Users\P1345365\.m2\repository\org\seleniumhq\selenium\selenium-edge-driver\3.12.0\selenium-edge-driver-3.12.0.jar;C:\Users\P1345365\.m2\repository\org\seleniumhq\selenium\selenium-firefox-driver\3.12.0\selenium-firefox-driver-3.12.0.jar;C:\Users\P1345365\.m2\repository\org\seleniumhq\selenium\selenium-ie-driver\3.12.0\selenium-ie-driver-3.12.0.jar;C:\Users\P1345365\.m2\repository\org\seleniumhq\selenium\selenium-opera-driver\3.12.0\selenium-opera-driver-3.12.0.jar;C:\Users\P1345365\.m2\repository\org\seleniumhq\selenium\selenium-remote-driver\3.12.0\selenium-remote-driver-3.12.0.jar;C:\Users\P1345365\.m2\repository\org\seleniumhq\selenium\selenium-safari-driver\3.12.0\selenium-safari-driver-3.12.0.jar;C:\Users\P1345365\.m2\repository\org\seleniumhq\selenium\selenium-support\3.12.0\selenium-support-3.12.0.jar;C:\Users\P1345365\.m2\repository\net\bytebuddy\byte-buddy\1.8.3\byte-buddy-1.8.3.jar;C:\Users\P1345365\.m2\repository\org\apache\commons\commons-exec\1.3\commons-exec-1.3.jar;C:\Users\P1345365\.m2\repository\commons-codec\commons-codec\1.10\commons-codec-1.10.jar;C:\Users\P1345365\.m2\repository\commons-logging\commons-logging\1.2\commons-logging-1.2.jar;C:\Users\P1345365\.m2\repository\com\google\code\gson\gson\2.8.2\gson-2.8.2.jar;C:\Users\P1345365\.m2\repository\com\google\guava\guava\23.6-jre\guava-23.6-jre.jar;C:\Users\P1345365\.m2\repository\com\google\code\findbugs\jsr305\1.3.9\jsr305-1.3.9.jar;C:\Users\P1345365\.m2\repository\org\checkerframework\checker-compat-qual\2.0.0\checker-compat-qual-2.0.0.jar;C:\Users\P1345365\.m2\repository\com\google\errorprone\error_prone_annotations\2.1.3\error_prone_annotations-2.1.3.jar;C:\Users\P1345365\.m2\repository\com\google\j2objc\j2objc-annotations\1.1\j2objc-annotations-1.1.jar;C:\Users\P1345365\.m2\repository\org\codehaus\mojo\animal-sniffer-annotations\1.14\animal-sniffer-annotations-1.14.jar;C:\Users\P1345365\.m2\repository\org\apache\httpcomponents\httpclient\4.5.3\httpclient-4.5.3.jar;C:\Users\P1345365\.m2\repository\org\apache\httpcomponents\httpcore\4.4.6\httpcore-4.4.6.jar;C:\Users\P1345365\.m2\repository\com\squareup\okhttp3\okhttp\3.9.1\okhttp-3.9.1.jar;C:\Users\P1345365\.m2\repository\com\squareup\okio\okio\1.13.0\okio-1.13.0.jar;C:\Users\P1345365\.m2\repository\org\testng\testng\6.14.3\testng-6.14.3.jar;C:\Users\P1345365\.m2\repository\com\beust\jcommander\1.72\jcommander-1.72.jar;C:\Users\P1345365\.m2\repository\org\apache-extras\beanshell\bsh\2.0b6\bsh-2.0b6.jar;C:\Users\P1345365\.m2\repository\com\opencsv\opencsv\5.2\opencsv-5.2.jar;C:\Users\P1345365\.m2\repository\org\apache\commons\commons-text\1.8\commons-text-1.8.jar;C:\Users\P1345365\.m2\repository\commons-beanutils\commons-beanutils\1.9.4\commons-beanutils-1.9.4.jar;C:\Users\P1345365\.m2\repository\commons-collections\commons-collections\3.2.2\commons-collections-3.2.2.jar;C:\Users\P1345365\.m2\repository\org\apache\poi\poi\3.17\poi-3.17.jar;C:\Users\P1345365\.m2\repository\org\apache\poi\poi-ooxml\3.17\poi-ooxml-3.17.jar;C:\Users\P1345365\.m2\repository\org\apache\poi\poi-ooxml-schemas\3.17\poi-ooxml-schemas-3.17.jar;C:\Users\P1345365\.m2\repository\org\apache\xmlbeans\xmlbeans\2.6.0\xmlbeans-2.6.0.jar;C:\Users\P1345365\.m2\repository\stax\stax-api\1.0.1\stax-api-1.0.1.jar;C:\Users\P1345365\.m2\repository\com\github\virtuald\curvesapi\1.04\curvesapi-1.04.jar;C:\Users\P1345365\.m2\repository\com\aventstack\extentreports\3.1.5\extentreports-3.1.5.jar;C:\Users\P1345365\.m2\repository\org\freemarker\freemarker\2.3.23\freemarker-2.3.23.jar;C:\Users\P1345365\.m2\repository\org\mongodb\mongodb-driver\3.3.0\mongodb-driver-3.3.0.jar;C:\Users\P1345365\.m2\repository\org\mongodb\bson\3.3.0\bson-3.3.0.jar;C:\Users\P1345365\.m2\repository\org\mongodb\mongodb-driver-core\3.3.0\mongodb-driver-core-3.3.0.jar;C:\Users\P1345365\.m2\repository\org\apache\httpcomponents\httpmime\4.5.2\httpmime-4.5.2.jar;C:\Users\P1345365\.m2\repository\org\jsoup\jsoup\1.9.2\jsoup-1.9.2.jar;C:\Users\P1345365\.m2\repository\org\apache\commons\commons-lang3\3.0\commons-lang3-3.0.jar;C:\Users\P1345365\.m2\repository\commons-io\commons-io\2.6\commons-io-2.6.jar;C:\Users\P1345365\.m2\repository\log4j\log4j\1.2.17\log4j-1.2.17.jar;C:\Users\P1345365\.m2\repository\com\paulhammant\ngwebdriver\1.1.5\ngwebdriver-1.1.5.jar;C:\Users\P1345365\.m2\repository\io\github\bonigarcia\webdrivermanager\5.3.0\webdrivermanager-5.3.0.jar;C:\Users\P1345365\.m2\repository\org\slf4j\slf4j-api\1.7.36\slf4j-api-1.7.36.jar;C:\Users\P1345365\.m2\repository\com\github\docker-java\docker-java\3.2.13\docker-java-3.2.13.jar;C:\Users\P1345365\.m2\repository\com\github\docker-java\docker-java-core\3.2.13\docker-java-core-3.2.13.jar;C:\Users\P1345365\.m2\repository\com\github\docker-java\docker-java-api\3.2.13\docker-java-api-3.2.13.jar;C:\Users\P1345365\.m2\repository\com\fasterxml\jackson\core\jackson-annotations\2.10.3\jackson-annotations-2.10.3.jar;C:\Users\P1345365\.m2\repository\org\apache\commons\commons-compress\1.21\commons-compress-1.21.jar;C:\Users\P1345365\.m2\repository\com\fasterxml\jackson\core\jackson-databind\2.10.3\jackson-databind-2.10.3.jar;C:\Users\P1345365\.m2\repository\com\fasterxml\jackson\core\jackson-core\2.10.3\jackson-core-2.10.3.jar;C:\Users\P1345365\.m2\repository\org\bouncycastle\bcpkix-jdk15on\1.64\bcpkix-jdk15on-1.64.jar;C:\Users\P1345365\.m2\repository\org\bouncycastle\bcprov-jdk15on\1.64\bcprov-jdk15on-1.64.jar;C:\Users\P1345365\.m2\repository\org\slf4j\jcl-over-slf4j\1.7.30\jcl-over-slf4j-1.7.30.jar;C:\Users\P1345365\.m2\repository\com\github\docker-java\docker-java-transport-httpclient5\3.2.13\docker-java-transport-httpclient5-3.2.13.jar;C:\Users\P1345365\.m2\repository\com\github\docker-java\docker-java-transport\3.2.13\docker-java-transport-3.2.13.jar;C:\Users\P1345365\.m2\repository\net\java\dev\jna\jna\5.8.0\jna-5.8.0.jar;C:\Users\P1345365\.m2\repository\org\brotli\dec\0.1.2\dec-0.1.2.jar;C:\Users\P1345365\.m2\repository\org\apache\httpcomponents\client5\httpclient5\5.1.3\httpclient5-5.1.3.jar;C:\Users\P1345365\.m2\repository\org\apache\httpcomponents\core5\httpcore5\5.1.3\httpcore5-5.1.3.jar;C:\Users\P1345365\.m2\repository\org\apache\httpcomponents\core5\httpcore5-h2\5.1.3\httpcore5-h2-5.1.3.jar;C:\Users\P1345365\.m2\repository\net\rcarz\jira-client\0.5\jira-client-0.5.jar;C:\Users\P1345365\.m2\repository\net\sf\json-lib\json-lib\2.4\json-lib-2.4-jdk15.jar;C:\Users\P1345365\.m2\repository\commons-lang\commons-lang\2.5\commons-lang-2.5.jar;C:\Users\P1345365\.m2\repository\net\sf\ezmorph\ezmorph\1.0.6\ezmorph-1.0.6.jar;C:\Users\P1345365\.m2\repository\joda-time\joda-time\2.3\joda-time-2.3.jar;C:\Users\P1345365\.m2\repository\junit\junit\4.8.2\junit-4.8.2.jar;C:\Users\P1345365\.m2\repository\org\mockito\mockito-all\1.9.0\mockito-all-1.9.0.jar;C:\Users\P1345365\.m2\repository\commons-httpclient\commons-httpclient\3.1\commons-httpclient-3.1.jar;"/>
    <property name="java.vm.vendor" value="Eclipse Adoptium"/>
    <property name="sun.arch.data.model" value="64"/>
    <property name="user.variant" value=""/>
    <property name="java.vendor.url" value="https://adoptium.net/"/>
    <property name="user.timezone" value="Asia/Calcutta"/>
    <property name="os.name" value="Windows 10"/>
    <property name="java.vm.specification.version" value="17"/>
    <property name="sun.java.launcher" value="SUN_STANDARD"/>
    <property name="user.country" value="US"/>
    <property name="sun.boot.library.path" value="C:\Users\P1345365\eclipse\java-2023-3\eclipse\plugins\org.eclipse.justj.openjdk.hotspot.jre.full.win32.x86_64_17.0.6.v20230204-1729\jre\bin"/>
    <property name="sun.java.command" value="C:\Users\P1345365\AppData\Local\Temp\surefire15812847768987079033\surefirebooter13498863587847297990.jar C:\Users\P1345365\AppData\Local\Temp\surefire15812847768987079033 2023-05-05T15-26-56_760-jvmRun1 surefire15266514765851865491tmp surefire_014787295488631387031tmp"/>
    <property name="jdk.debug" value="release"/>
    <property name="surefire.test.class.path" value="D:\Projects\Projects\Selenabler_Framework\Selenabler2.0\target\test-classes;D:\Projects\Projects\Selenabler_Framework\Selenabler2.0\target\classes;C:\Users\P1345365\.m2\repository\org\apache\commons\commons-collections4\4.1\commons-collections4-4.1.jar;C:\Users\P1345365\.m2\repository\org\fluttercode\datafactory\datafactory\0.8\datafactory-0.8.jar;C:\Users\P1345365\.m2\repository\org\seleniumhq\selenium\selenium-java\3.12.0\selenium-java-3.12.0.jar;C:\Users\P1345365\.m2\repository\org\seleniumhq\selenium\selenium-api\3.12.0\selenium-api-3.12.0.jar;C:\Users\P1345365\.m2\repository\org\seleniumhq\selenium\selenium-chrome-driver\3.12.0\selenium-chrome-driver-3.12.0.jar;C:\Users\P1345365\.m2\repository\org\seleniumhq\selenium\selenium-edge-driver\3.12.0\selenium-edge-driver-3.12.0.jar;C:\Users\P1345365\.m2\repository\org\seleniumhq\selenium\selenium-firefox-driver\3.12.0\selenium-firefox-driver-3.12.0.jar;C:\Users\P1345365\.m2\repository\org\seleniumhq\selenium\selenium-ie-driver\3.12.0\selenium-ie-driver-3.12.0.jar;C:\Users\P1345365\.m2\repository\org\seleniumhq\selenium\selenium-opera-driver\3.12.0\selenium-opera-driver-3.12.0.jar;C:\Users\P1345365\.m2\repository\org\seleniumhq\selenium\selenium-remote-driver\3.12.0\selenium-remote-driver-3.12.0.jar;C:\Users\P1345365\.m2\repository\org\seleniumhq\selenium\selenium-safari-driver\3.12.0\selenium-safari-driver-3.12.0.jar;C:\Users\P1345365\.m2\repository\org\seleniumhq\selenium\selenium-support\3.12.0\selenium-support-3.12.0.jar;C:\Users\P1345365\.m2\repository\net\bytebuddy\byte-buddy\1.8.3\byte-buddy-1.8.3.jar;C:\Users\P1345365\.m2\repository\org\apache\commons\commons-exec\1.3\commons-exec-1.3.jar;C:\Users\P1345365\.m2\repository\commons-codec\commons-codec\1.10\commons-codec-1.10.jar;C:\Users\P1345365\.m2\repository\commons-logging\commons-logging\1.2\commons-logging-1.2.jar;C:\Users\P1345365\.m2\repository\com\google\code\gson\gson\2.8.2\gson-2.8.2.jar;C:\Users\P1345365\.m2\repository\com\google\guava\guava\23.6-jre\guava-23.6-jre.jar;C:\Users\P1345365\.m2\repository\com\google\code\findbugs\jsr305\1.3.9\jsr305-1.3.9.jar;C:\Users\P1345365\.m2\repository\org\checkerframework\checker-compat-qual\2.0.0\checker-compat-qual-2.0.0.jar;C:\Users\P1345365\.m2\repository\com\google\errorprone\error_prone_annotations\2.1.3\error_prone_annotations-2.1.3.jar;C:\Users\P1345365\.m2\repository\com\google\j2objc\j2objc-annotations\1.1\j2objc-annotations-1.1.jar;C:\Users\P1345365\.m2\repository\org\codehaus\mojo\animal-sniffer-annotations\1.14\animal-sniffer-annotations-1.14.jar;C:\Users\P1345365\.m2\repository\org\apache\httpcomponents\httpclient\4.5.3\httpclient-4.5.3.jar;C:\Users\P1345365\.m2\repository\org\apache\httpcomponents\httpcore\4.4.6\httpcore-4.4.6.jar;C:\Users\P1345365\.m2\repository\com\squareup\okhttp3\okhttp\3.9.1\okhttp-3.9.1.jar;C:\Users\P1345365\.m2\repository\com\squareup\okio\okio\1.13.0\okio-1.13.0.jar;C:\Users\P1345365\.m2\repository\org\testng\testng\6.14.3\testng-6.14.3.jar;C:\Users\P1345365\.m2\repository\com\beust\jcommander\1.72\jcommander-1.72.jar;C:\Users\P1345365\.m2\repository\org\apache-extras\beanshell\bsh\2.0b6\bsh-2.0b6.jar;C:\Users\P1345365\.m2\repository\com\opencsv\opencsv\5.2\opencsv-5.2.jar;C:\Users\P1345365\.m2\repository\org\apache\commons\commons-text\1.8\commons-text-1.8.jar;C:\Users\P1345365\.m2\repository\commons-beanutils\commons-beanutils\1.9.4\commons-beanutils-1.9.4.jar;C:\Users\P1345365\.m2\repository\commons-collections\commons-collections\3.2.2\commons-collections-3.2.2.jar;C:\Users\P1345365\.m2\repository\org\apache\poi\poi\3.17\poi-3.17.jar;C:\Users\P1345365\.m2\repository\org\apache\poi\poi-ooxml\3.17\poi-ooxml-3.17.jar;C:\Users\P1345365\.m2\repository\org\apache\poi\poi-ooxml-schemas\3.17\poi-ooxml-schemas-3.17.jar;C:\Users\P1345365\.m2\repository\org\apache\xmlbeans\xmlbeans\2.6.0\xmlbeans-2.6.0.jar;C:\Users\P1345365\.m2\repository\stax\stax-api\1.0.1\stax-api-1.0.1.jar;C:\Users\P1345365\.m2\repository\com\github\virtuald\curvesapi\1.04\curvesapi-1.04.jar;C:\Users\P1345365\.m2\repository\com\aventstack\extentreports\3.1.5\extentreports-3.1.5.jar;C:\Users\P1345365\.m2\repository\org\freemarker\freemarker\2.3.23\freemarker-2.3.23.jar;C:\Users\P1345365\.m2\repository\org\mongodb\mongodb-driver\3.3.0\mongodb-driver-3.3.0.jar;C:\Users\P1345365\.m2\repository\org\mongodb\bson\3.3.0\bson-3.3.0.jar;C:\Users\P1345365\.m2\repository\org\mongodb\mongodb-driver-core\3.3.0\mongodb-driver-core-3.3.0.jar;C:\Users\P1345365\.m2\repository\org\apache\httpcomponents\httpmime\4.5.2\httpmime-4.5.2.jar;C:\Users\P1345365\.m2\repository\org\jsoup\jsoup\1.9.2\jsoup-1.9.2.jar;C:\Users\P1345365\.m2\repository\org\apache\commons\commons-lang3\3.0\commons-lang3-3.0.jar;C:\Users\P1345365\.m2\repository\commons-io\commons-io\2.6\commons-io-2.6.jar;C:\Users\P1345365\.m2\repository\log4j\log4j\1.2.17\log4j-1.2.17.jar;C:\Users\P1345365\.m2\repository\com\paulhammant\ngwebdriver\1.1.5\ngwebdriver-1.1.5.jar;C:\Users\P1345365\.m2\repository\io\github\bonigarcia\webdrivermanager\5.3.0\webdrivermanager-5.3.0.jar;C:\Users\P1345365\.m2\repository\org\slf4j\slf4j-api\1.7.36\slf4j-api-1.7.36.jar;C:\Users\P1345365\.m2\repository\com\github\docker-java\docker-java\3.2.13\docker-java-3.2.13.jar;C:\Users\P1345365\.m2\repository\com\github\docker-java\docker-java-core\3.2.13\docker-java-core-3.2.13.jar;C:\Users\P1345365\.m2\repository\com\github\docker-java\docker-java-api\3.2.13\docker-java-api-3.2.13.jar;C:\Users\P1345365\.m2\repository\com\fasterxml\jackson\core\jackson-annotations\2.10.3\jackson-annotations-2.10.3.jar;C:\Users\P1345365\.m2\repository\org\apache\commons\commons-compress\1.21\commons-compress-1.21.jar;C:\Users\P1345365\.m2\repository\com\fasterxml\jackson\core\jackson-databind\2.10.3\jackson-databind-2.10.3.jar;C:\Users\P1345365\.m2\repository\com\fasterxml\jackson\core\jackson-core\2.10.3\jackson-core-2.10.3.jar;C:\Users\P1345365\.m2\repository\org\bouncycastle\bcpkix-jdk15on\1.64\bcpkix-jdk15on-1.64.jar;C:\Users\P1345365\.m2\repository\org\bouncycastle\bcprov-jdk15on\1.64\bcprov-jdk15on-1.64.jar;C:\Users\P1345365\.m2\repository\org\slf4j\jcl-over-slf4j\1.7.30\jcl-over-slf4j-1.7.30.jar;C:\Users\P1345365\.m2\repository\com\github\docker-java\docker-java-transport-httpclient5\3.2.13\docker-java-transport-httpclient5-3.2.13.jar;C:\Users\P1345365\.m2\repository\com\github\docker-java\docker-java-transport\3.2.13\docker-java-transport-3.2.13.jar;C:\Users\P1345365\.m2\repository\net\java\dev\jna\jna\5.8.0\jna-5.8.0.jar;C:\Users\P1345365\.m2\repository\org\brotli\dec\0.1.2\dec-0.1.2.jar;C:\Users\P1345365\.m2\repository\org\apache\httpcomponents\client5\httpclient5\5.1.3\httpclient5-5.1.3.jar;C:\Users\P1345365\.m2\repository\org\apache\httpcomponents\core5\httpcore5\5.1.3\httpcore5-5.1.3.jar;C:\Users\P1345365\.m2\repository\org\apache\httpcomponents\core5\httpcore5-h2\5.1.3\httpcore5-h2-5.1.3.jar;C:\Users\P1345365\.m2\repository\net\rcarz\jira-client\0.5\jira-client-0.5.jar;C:\Users\P1345365\.m2\repository\net\sf\json-lib\json-lib\2.4\json-lib-2.4-jdk15.jar;C:\Users\P1345365\.m2\repository\commons-lang\commons-lang\2.5\commons-lang-2.5.jar;C:\Users\P1345365\.m2\repository\net\sf\ezmorph\ezmorph\1.0.6\ezmorph-1.0.6.jar;C:\Users\P1345365\.m2\repository\joda-time\joda-time\2.3\joda-time-2.3.jar;C:\Users\P1345365\.m2\repository\junit\junit\4.8.2\junit-4.8.2.jar;C:\Users\P1345365\.m2\repository\org\mockito\mockito-all\1.9.0\mockito-all-1.9.0.jar;C:\Users\P1345365\.m2\repository\commons-httpclient\commons-httpclient\3.1\commons-httpclient-3.1.jar;"/>
    <property name="sun.cpu.endian" value="little"/>
    <property name="user.home" value="C:\Users\P1345365"/>
    <property name="user.language" value="en"/>
    <property name="java.specification.vendor" value="Oracle Corporation"/>
    <property name="java.version.date" value="2023-01-17"/>
    <property name="java.home" value="C:\Users\P1345365\eclipse\java-2023-3\eclipse\plugins\org.eclipse.justj.openjdk.hotspot.jre.full.win32.x86_64_17.0.6.v20230204-1729\jre"/>
    <property name="file.separator" value="\"/>
    <property name="style.color" value="always"/>
    <property name="basedir" value="D:\Projects\Projects\Selenabler_Framework\Selenabler2.0"/>
    <property name="java.vm.compressedOopsMode" value="Zero based"/>
    <property name="line.separator" value="&#10;"/>
    <property name="java.vm.specification.vendor" value="Oracle Corporation"/>
    <property name="java.specification.name" value="Java Platform API Specification"/>
    <property name="surefire.real.class.path" value="C:\Users\P1345365\AppData\Local\Temp\surefire15812847768987079033\surefirebooter13498863587847297990.jar"/>
    <property name="user.script" value=""/>
    <property name="sun.management.compiler" value="HotSpot 64-Bit Tiered Compilers"/>
    <property name="java.runtime.version" value="17.0.6+10"/>
    <property name="user.name" value="P1345365"/>
    <property name="path.separator" value=";"/>
    <property name="os.version" value="10.0"/>
    <property name="java.runtime.name" value="OpenJDK Runtime Environment"/>
    <property name="file.encoding" value="Cp1252"/>
    <property name="java.vm.name" value="OpenJDK 64-Bit Server VM"/>
    <property name="java.vendor.version" value="Temurin-17.0.6+10"/>
    <property name="localRepository" value="C:\Users\P1345365\.m2\repository"/>
    <property name="java.vendor.url.bug" value="https://github.com/adoptium/adoptium-support/issues"/>
    <property name="java.io.tmpdir" value="C:\Users\P1345365\AppData\Local\Temp\"/>
    <property name="java.version" value="17.0.6"/>
    <property name="user.dir" value="D:\Projects\Projects\Selenabler_Framework\Selenabler2.0"/>
    <property name="os.arch" value="amd64"/>
    <property name="java.vm.specification.name" value="Java Virtual Machine Specification"/>
    <property name="sun.os.patch.level" value=""/>
    <property name="native.encoding" value="Cp1252"/>
    <property name="java.library.path" value="C:\Users\P1345365\eclipse\java-2023-3\eclipse\plugins\org.eclipse.justj.openjdk.hotspot.jre.full.win32.x86_64_17.0.6.v20230204-1729\jre\bin;C:\WINDOWS\Sun\Java\bin;C:\WINDOWS\system32;C:\WINDOWS;C:/Users/P1345365/eclipse/java-2023-3/eclipse//plugins/org.eclipse.justj.openjdk.hotspot.jre.full.win32.x86_64_17.0.6.v20230204-1729/jre/bin/server;C:/Users/P1345365/eclipse/java-2023-3/eclipse//plugins/org.eclipse.justj.openjdk.hotspot.jre.full.win32.x86_64_17.0.6.v20230204-1729/jre/bin;C:\Python311\Scripts\;C:\Python311\;D:\Python\Python310\Scripts\;D:\Python\Python310\;C:\Program Files (x86)\TRICENTIS\Tosca Testsuite\ToscaCommander;;C:\Program Files (x86)\TRICENTIS\Tosca Testsuite\Classic;C:\Program Files (x86)\TRICENTIS\Tosca Testsuite\Classic\dll;C:\Program Files (x86)\TRICENTIS\Tosca Testsuite\Classic\dll\GuptaEngine;C:\Program Files (x86)\TRICENTIS\Tosca Testsuite\ToscaCommander;C:\Program Files (x86)\TRICENTIS\Tosca Testsuite\Classic\dll\DelphiEngine;C:\Program Files (x86)\TRICENTIS\Tosca Testsuite\Classic\dll\PBEngine;C:\Program Files (x86)\TRICENTIS\Tosca Testsuite\Classic\dll\VBEngine;C:\Program Files (x86)\TRICENTIS\Tosca Testsuite\Classic\dll\DotNetHooking;;C:\Program Files (x86)\Common Files\Oracle\Java\javapath;C:\WINDOWS\system32;C:\WINDOWS;C:\WINDOWS\System32\Wbem;C:\WINDOWS\System32\WindowsPowerShell\v1.0\;C:\WINDOWS\System32\OpenSSH\;C:\Program Files\Microsoft SQL Server\Client SDK\ODBC\170\Tools\Binn\;C:\Program Files (x86)\Microsoft SQL Server\150\Tools\Binn\;C:\Program Files\Microsoft SQL Server\150\Tools\Binn\;C:\Program Files\Microsoft SQL Server\150\DTS\Binn\;C:\Program Files (x86)\Microsoft SQL Server\150\DTS\Binn\;C:\Program Files\Azure Data Studio\bin;C:\Ruby31-x64\bin;C:\Program Files\Java\jdk1.8.0_202;C:\Program Files\Java\jre1.8.0_202\bin;C:\Program Files\apache-maven-3.8.6\bin;;D:\Visual Studio Code\Microsoft VS Code\bin;C:\Program Files\nodejs\;C:\ProgramData\chocolatey\bin;C:\Program Files\MySQL\MySQL Shell 8.0\bin\;C:\Program Files\Java\jre1.8.0_202\bin;C:\Program Files\Java\jdk1.8.0_202\bin;C:\Users\P1345365\AppData\Local\Programs\Git\cmd;C:\Program Files\JetBrains\PyCharm Community Edition 2021.3.2\bin;D:\VS Code\VSCodeConfiguration\Microsoft VS Code\bin;C:\Users\P1345365\AppData\Local\JetBrains\Toolbox\scripts;C:\Users\P1345365\AppData\Roaming\npm;C:\Users\P1345365\eclipse\java-2023-3\eclipse;;."/>
    <property name="java.vm.info" value="mixed mode"/>
    <property name="java.vendor" value="Eclipse Adoptium"/>
    <property name="java.vm.version" value="17.0.6+10"/>
    <property name="sun.io.unicode.encoding" value="UnicodeLittle"/>
    <property name="java.class.version" value="61.0"/>
  </properties>
  <testcase name="ExecuteLoginTests" classname="com.tests.AMS.LoginTest" time="7.361">
    <system-out><![CDATA[ INFO [main] (BaseClass.java:70)- url is opened
Executing Login Testcases...

Inside LoginPageAssertionTest()
------------------------------------------------
Manual Testcases Covered : 1
Actual URL(http://10.176.41.10:8080/UatAms/#/login) And Expected URL(http://10.176.41.10:8080/UatAms/#/login) Matches
Actual Title(AssetModule) And Expected Title(AssetModule) Matches
After Assertion AMS LOGIN = AMS LOGIN Matched 
After Assertion Username = Username Matched 
After Assertion Password = Password Matched 
After Assertion Forgot Password ? = Forgot Password ? Matched 

Inside LoginValidCredTest()
------------------------------------------------
Manual Testcases Covered : 5
Login Succussful!

Sign Out completed!

Inside LoginInValidCredTest()
------------------------------------------------
Manual Testcases Covered : 3
Authentication Failed Popup displayed is :true
Actual Error Message -> User name or password wrong !
Expected Error Message -> User name or password wrong !

Inside LoginBlankCredTest()
------------------------------------------------
Manual Testcases Covered : 1
Error Message below Username Textbox displayed? -> true
Actual Message : username is required
Error Message below Password Textbox displayed? -> true
Actual Message : password is required

-------------------------------------------------------
Total Manual Testcase Count : 10
Total Automation Testcase Count : 4
]]></system-out>
    <system-err><![CDATA[SLF4J: Failed to load class "org.slf4j.impl.StaticLoggerBinder".
SLF4J: Defaulting to no-operation (NOP) logger implementation
SLF4J: See http://www.slf4j.org/codes.html#StaticLoggerBinder for further details.
Starting ChromeDriver 112.0.5615.49 (bd2a7bcb881c11e8cfe3078709382934e3916914-refs/branch-heads/5615@{#936}) on port 28656
Only local connections are allowed.
Please see https://chromedriver.chromium.org/security-considerations for suggestions on keeping ChromeDriver safe.
ChromeDriver was started successfully.
May 05, 2023 3:27:02 PM org.openqa.selenium.remote.ProtocolHandshake createSession
INFO: Detected dialect: W3C
]]></system-err>
  </testcase>
  <testcase name="ExecuteForgotPasswordTests" classname="com.tests.AMS.ForgotPasswordTest" time="2.139">
    <system-out><![CDATA[
End of Execution!
 INFO [main] (BaseClass.java:70)- url is opened
Executing Fogot Password Testcases...

Inside ForgotPasswordBackButtonTest
------------------------------------------------
Manual Testcases Covered : 1
After navigation current url is http://10.176.41.10:8080/UatAms/#/resetPassword
After clicking on Back Button on Forgot Password Page user navigates to Login Page
Check it through url
Actual URL(http://10.176.41.10:8080/UatAms/#/login) And Expected URL(http://10.176.41.10:8080/UatAms/#/login) Matches
User navigated to Login Page.

Inside ForgotPasswordSendOTPButtonTest
------------------------------------------------
Manual Testcases Covered : 6
After navigation current url is http://10.176.41.10:8080/UatAms/#/resetPassword
Error message displayed is :true
Error Message is Enter valid email address

-------------------------------------------------------
Total Manual Testcase Count : 7
Total Automation Testcase Count : 2
]]></system-out>
    <system-err><![CDATA[Starting ChromeDriver 112.0.5615.49 (bd2a7bcb881c11e8cfe3078709382934e3916914-refs/branch-heads/5615@{#936}) on port 29314
Only local connections are allowed.
Please see https://chromedriver.chromium.org/security-considerations for suggestions on keeping ChromeDriver safe.
ChromeDriver was started successfully.
May 05, 2023 3:27:14 PM org.openqa.selenium.remote.ProtocolHandshake createSession
INFO: Detected dialect: W3C
]]></system-err>
  </testcase>
  <testcase name="ExecuteDashboardTests" classname="com.tests.AMS.DashboardModuleTest" time="8.992">
    <system-out><![CDATA[
End of Execution!
 INFO [main] (BaseClass.java:70)- url is opened
Executing Dashboard Testcases...
Login Succussful!
Current Page URL is : http://10.176.41.10:8080/UatAms/#/home/dashboard
Inside Dashboard Tab
Current page header : Dashboard

Inside DashboardMainPageTest()
------------------------------------------------
Manual Testcases Covered : 1
Current Page URL is : http://10.176.41.10:8080/UatAms/#/home/dashboard
Inside Dashboard Tab
Current page header : Dashboard
Logged in UserName : Welcome PiyushChoraria
Second Chart Title : Asset By Status
Clicked on Notification Bell
Current page title : Request

Inside AboutUsModuleTest()
------------------------------------------------
Manual Testcases Covered : 0
Header -> About Us
Title : Our Purpose
Information : We advance our communities by partnering with governments and enterprises to harness technology. We do this by bringing people together to make the extraordinary happen.
Clients Card is present
Card Title : 310
Reference : Clients
Project Card is present
Card Title : 427
Reference : Projects
Hours Of support Card is present
Card Title : 1143
Reference : Hours of support
Employees Card is present
Card Title : 700
Reference : Employees

Inside ContactModuleTest()
------------------------------------------------
Manual Testcases Covered : 0
Title : Contact Us
Location Card is present
Card Title : Location
Reference : NCSI Technologies (India) Private Limited 5th Floor, It-7, VITP Private Limited-SEZ, Qubix business park Pvt. Ltd-SEZ, Blue Ridge Township, Phase 1, Hinjawadi, Pune-411057
Email Card is present
Card Title : Email
Reference : hr@ncs.com.sg
Call Card is present
Card Title : Call
Reference : 087 number here

Inside MasterModuleTest()
------------------------------------------------
Manual Testcases Covered : 1
Inside Master Tab
Inside Assets Tab
Inside Employee Tab
Inside Request Tab
Inside AssetsGroup Tab
Inside AssetsDepartment Tab
Inside AssetsVendor Tab
Inside AssetsStatus Tab
Inside User Tab

Inside UtilityModuleTest()
------------------------------------------------
Manual Testcases Covered : 1
Inside Utility Tab
Inside BulkAssetImport Tab
Inside BulkEmployeeImport Tab
Inside UtilityTracker Tab
Header Message on current page : Utility Tracker

Inside FindGridElementsTest()
------------------------------------------------
Manual Testcases Covered : 0
Grid Reference : Total IT Assets
Grid Value : 1300
Grid Reference : Assets Allocated
Grid Value : 841
Grid Reference : Assets Available
Grid Value : 459
Grid Reference : Assets Discarded
Grid Value : 

Sign Out completed!

-------------------------------------------------------
Total Manual Testcase Count : 3
Total Automation Testcase Count : 6
]]></system-out>
    <system-err><![CDATA[Starting ChromeDriver 112.0.5615.49 (bd2a7bcb881c11e8cfe3078709382934e3916914-refs/branch-heads/5615@{#936}) on port 36203
Only local connections are allowed.
Please see https://chromedriver.chromium.org/security-considerations for suggestions on keeping ChromeDriver safe.
ChromeDriver was started successfully.
May 05, 2023 3:27:20 PM org.openqa.selenium.remote.ProtocolHandshake createSession
INFO: Detected dialect: W3C
]]></system-err>
  </testcase>
  <testcase name="ExecuteAssetModuleTests" classname="com.tests.AMS.AssetModuleTest" time="19.689">
    <system-out><![CDATA[
End of Execution!
 INFO [main] (BaseClass.java:70)- url is opened
Executing AssetModule Testcases...
Login Succussful!
Current Page URL is : http://10.176.41.10:8080/UatAms/#/home/dashboard
Inside Dashboard Tab
Current page header : Dashboard
Inside Master Tab

Inside GetAllRowsPresent()
------------------------------------------------
Manual Testcases Covered : 1
Inside Assets Tab
Inside SelectItemFromItemsPerPageDropDown() : Selected Item is - 25
25 Records are present.

Table of All Assets : 
----------------------------------
4632300025
Computer IT-03
Movable IT STOCK 5CD9050D6D
IT Redington  HP ProBook 4. Available   
-------------------------------------
4632300024
Computer IT-03
Movable IT STOCK 5CD9050D6B
IT Redington  HP ProBook 4. Available   
-------------------------------------
4632300023
Computer IT-03
Movable IT STOCK 5CD9050D69
IT Redington  HP ProBook 4. Available   
-------------------------------------
4632300022
Computer IT-03
Movable Chaitali Satam
P1341550 5CD9050D68
IT Redington  HP ProBook 4. Allocated   
-------------------------------------
4632300021
Computer IT-03
Movable Pampana Pallavi
P1343810 5CD9050D67
IT Redington  HP ProBook 4. Allocated   
-------------------------------------
4632300020
Computer IT-03
Movable IT STOCK 5CD9050D5T
IT Redington  HP ProBook 4. Available   
-------------------------------------
4632300019
Computer IT-03
Movable Rajkumar Sriniv
P1343041 5CD9050D5S
IT Redington  HP ProBook 4. Allocated   
-------------------------------------
4632300018
Computer IT-03
Movable Mirunalini Math
P1340065 5CD9050D5P
IT Redington  HP ProBook 4. Allocated   
-------------------------------------
4632300017
Computer IT-03
Movable Shivani Sunil G
P1351193 5CD9050D5N
IT Redington  HP ProBook 4. Allocated   
-------------------------------------
4632300016
Computer IT-03
Movable IT STOCK 5CD9050D56
IT Redington  HP ProBook 4. Available   
-------------------------------------
4632300014
Computer IT-03
Movable IT STOCK 5CD9050D54
IT Redington  HP ProBook 4. Available   
-------------------------------------
4632300013
Computer IT-03
Movable Suvajit Das
P1322149 5CD9050D53
IT Redington  HP ProBook 4. Allocated   
-------------------------------------
4632300012
Computer IT-03
Movable Chaitanya Gomas
P1340872 5CD9050D52
IT Redington  HP ProBook 4. Allocated   
-------------------------------------
4632300011
Computer IT-03
Movable Ankit Sharma
P1322118 5CD9050D4N
IT Redington  HP ProBook 4. Allocated   
-------------------------------------
4632300010
Computer IT-03
Movable IT STOCK 5CD9050D4M
IT Redington  HP ProBook 4. Available   
-------------------------------------
4632300009
Computer IT-03
Movable IT STOCK 5CD9050D4L
IT Redington  HP ProBook 4. Available   
-------------------------------------
4632300008
Computer IT-03
Movable IT STOCK 5CD9050D4K
IT Redington  HP ProBook 4. Available   
-------------------------------------
4632300007
Computer IT-03
Movable Krishna Mettu 5CD9050D4J
IT Redington  HP ProBook 4. Available   
-------------------------------------
4632300006
Computer IT-03
Movable Nilesh Swami
P1331643 5CD9050D47
IT Redington  HP ProBook 4. Allocated   
-------------------------------------
4632300005
Computer IT-03
Movable IT STOCK 5CD9050D46
IT Redington  HP ProBook 4. Available   
-------------------------------------
4632300004
Computer IT-03
Movable IT
P000000 5CD9050D45
IT Redington  HP ProBook 4. Available   
-------------------------------------
4632300003
Computer IT-03
Movable IT STOCK 5CD9050D44
IT Redington  HP ProBook 4. Available   
-------------------------------------
4632300002
Computer IT-03
Movable IT STOCK 5CD9050D43
IT Redington  HP ProBook 4. Available   
-------------------------------------
4632300001
Computer IT-03
Movable IT STOCK 5CD9050D5R
IT Redington  HP ProBook 4. Allocated   
-------------------------------------
4632300001
Computer IT-03
Movable Tushar Baban Ra
P1346087 5CD9050D5R
IT Redington  HP ProBook 4. Allocated   
-------------------------------------

Inside ClickCancelBtnOnCreateAsset
------------------------------------------------
Manual Testcases Covered : 1
Inside Assets Tab
'ClickOnCancelButton()'
Clicked on 'Cancel' button

Inside CreateAssetTest
------------------------------------------------
Manual Testcases Covered : 10
Inside Assets Tab
Inside 'EnterAssetNumber()'
Inside 'EnterAssetSerialNumber()'
Inside 'SelectLocation()'
Inside 'EnterAssetDescription()'
Inside 'SelectAssetGroup()'
Inside 'SelectDepartment()'
Inside 'SelectVendor()'
Inside 'SelectAssetType()'
Inside 'EnterCount()'
Inside 'EnterRemark()'
'ClickOnCreateButton()'
Clicked on 'Create' button
Message displayed is Record Created Successfully!

Inside SearchAssetTest()
------------------------------------------------
Manual Testcases Covered : 4
Inside Assets Tab
Inside SearchAssetsByText() : Searched Assets is - 4632301662
1 Record is present.

Table of Assets : 
----------------------------------
4632301662
Computer IT-03
Movable  7Q4GYP8
IT Redington  This is Dell. Available   
-------------------------------------

Inside UpdateAssetTest()
------------------------------------------------
Manual Testcases Covered : 1
Inside Assets Tab
Inside SearchAssetsByText() : Searched Assets is - 4632301662
1 Record is present.
Inside 'UpdateAssetType()'
Inside 'UpdateAssetDescription()'
Record Updated Successfully!

Inside DeleteAssetTest()
------------------------------------------------
Manual Testcases Covered : 1
Inside Assets Tab
Inside SearchAssetsByText() : Searched Assets is - 4632301662
1 Record is present.
Deleted!
Inside SearchAssetsByText() : Searched Assets is - 4632301662
Record deleted!

Sign Out completed!

-------------------------------------------------------
Total Manual Testcase Count : 18
Total Automation Testcase Count : 6
]]></system-out>
    <system-err><![CDATA[Starting ChromeDriver 112.0.5615.49 (bd2a7bcb881c11e8cfe3078709382934e3916914-refs/branch-heads/5615@{#936}) on port 33229
Only local connections are allowed.
Please see https://chromedriver.chromium.org/security-considerations for suggestions on keeping ChromeDriver safe.
ChromeDriver was started successfully.
May 05, 2023 3:27:33 PM org.openqa.selenium.remote.ProtocolHandshake createSession
INFO: Detected dialect: W3C
]]></system-err>
  </testcase>
  <testcase name="ExecuteAllEmployeeTCs" classname="com.tests.AMS.EmployeeModuleTest" time="13.118">
    <system-out><![CDATA[
End of Execution!
 INFO [main] (BaseClass.java:70)- url is opened
Executing Employee Module Testcases...
Login Succussful!
Current Page URL is : http://10.176.41.10:8080/UatAms/#/home/dashboard
Inside Dashboard Tab
Current page header : Dashboard
Inside Master Tab

Inside GetAllRowsPresent()
------------------------------------------------
Inside Employee Tab
Inside SelectItemFromItemsPerPageDropDown() : Selected Item is - 15
15 Records are present.

Table of All Employees : 
----------------------------------
1356233  Mayur Rajendra Path Active Jan 9, 2023 mayur.pathak@in.ncs-i.com  
-------------------------------------
1356664  Rupesh Sahu Active Jan 30, 2023 rupeshsahu.sahu@in.ncs-i.com  
-------------------------------------
1344840 Aamir Niaz Sayed Active Feb 28, 2022 aamir.sayed@in.ncs-i.com  
-------------------------------------
1346556 Aarti Sanjay Shinde Active Mar 30, 2022 aarti.shinde@in.ncs-i.com  
-------------------------------------
1357123 Abhijeet Balaso Mane Active Feb 22, 2023 abhijeet.mane@in.ncs-i.com  
-------------------------------------
1341908 Abhijeet Bhaurkar Active Oct 18, 2021 abhijeet.bhaurkar@in.ncs-i.com  
-------------------------------------
1326095 Abhijeet Binduraj Ni Active Jul 9, 2019 abhijeet.nikumbh@in.ncs-i.com  
-------------------------------------
1355870 Abhishek Bhardwaj Active May 31, 2022 abhishek.bhardwaj@in.ncs-i.com  
-------------------------------------
1349183 Abhishek Gupta Active Jul 25, 2022 abhishek.gupta@in.ncs-i.com  
-------------------------------------
1350233 Abhishek Laxman Phar Active Sep 8, 2022 abhishek.pharate@in.ncs-i.com  
-------------------------------------
1355871 Abhishek Pandey Active May 31, 2022 abhishek.pandey@in.ncs-i.com  
-------------------------------------
1347460 Abhishek Prashant Bh Active May 25, 2022 abhishek.bhandare@in.ncs-i.com  
-------------------------------------
1345366 Abhishek Ramchandra Active Jan 24, 2022 abhishek.sawant@in.ncs-i.com  
-------------------------------------
1348240 Abhishek Shrikant Ka Active Jun 27, 2022 abhishek.kane@in.ncs-i.com  
-------------------------------------
1343098 Aboli Ashokrao Patil Active Apr 1, 2022 aboli.patil@in.ncs-i.com  
-------------------------------------

Inside CreateEmployeewindowCloseAction()
------------------------------------------------
Manual Testcases Covered : 1
Inside Employee Tab
ClickCreateEmployeeButton()
Close the 'Create Employee' window

Inside CreateEmployeeTest()
------------------------------------------------
Manual Testcases Covered : 7
Inside Employee Tab
ClickCreateEmployeeButton()
Inside EnterEmployeeId()
Inside EnterEmployeeName()
Inside SelectStatus()
Inside EnterDateOfJoining()
Inside EnterEmail()
Message displayed is Record Created Successfully!

Inside SearchEmployeeTest
------------------------------------------------
Inside Employee Tab
Inside SelectItemFromItemsPerPageDropDown() : Selected Item is - 15
Inside SearchEmployee()
Serched Employee -> ravi.bopara@in.ncs-i.com
1 Record is present.

Table of Employees : 
----------------------------------
1345384.0 Ravi Bopara Active Jan 24, 2022 ravi.bopara@in.ncs-i.com  
-------------------------------------

Inside UpdateEmployeeTest
------------------------------------------------
Inside Employee Tab
Inside SearchEmployee()
Serched Employee -> ravi.bopara@in.ncs-i.com
1 Record is present.
Inside UpdateEmpStatus()
Inside UpdateEmpEmail()
Record Updated Successfully!

Inside DeleteEmployeeTest
------------------------------------------------
Inside Employee Tab
Inside SearchEmployee()
Serched Employee -> ravi.shah@in.ncs-i.com
1 Record is present.
Deleted!
Inside SearchEmployee()
Serched Employee -> ravi.shah@in.ncs-i.com
Message is 'Data Not Found...!'

Sign Out completed!

-------------------------------------------------------
Total Manual Testcase Count : 14
Total Automation Testcase Count : 5
]]></system-out>
    <system-err><![CDATA[Starting ChromeDriver 112.0.5615.49 (bd2a7bcb881c11e8cfe3078709382934e3916914-refs/branch-heads/5615@{#936}) on port 12609
Only local connections are allowed.
Please see https://chromedriver.chromium.org/security-considerations for suggestions on keeping ChromeDriver safe.
ChromeDriver was started successfully.
May 05, 2023 3:27:57 PM org.openqa.selenium.remote.ProtocolHandshake createSession
INFO: Detected dialect: W3C
]]></system-err>
  </testcase>
  <testcase name="ExecuteRequestModuleTests" classname="com.tests.AMS.RequestModuleTest" time="4.817">
    <system-out><![CDATA[
End of Execution!
 INFO [main] (BaseClass.java:70)- url is opened
Executing RequestModule Testcases...
Login Succussful!
Current Page URL is : http://10.176.41.10:8080/UatAms/#/home/dashboard
Inside Dashboard Tab
Current page header : Dashboard
Inside Master Tab

Inside SearchRequestTest
------------------------------------------------
Inside Request Tab
Inside ItemsPerPageDropDown() : Selected Item is - 15
Inside SearchRequest()
Serched Request for Asset Number(4632300004)
Record is present.
Row Data => |4632300004|Transfer|4/11/23
3:55 PM|Rejected|Amol N Patil|

Inside CheckAllRequests
------------------------------------------------
Inside Request Tab
Inside ClickAllButton()
Record is present.
Row Data => |4632300004|Transfer|4/11/23
3:55 PM|Rejected||
All

Inside CheckApprovedRequests
------------------------------------------------
Inside Request Tab
Inside ClickApprovedButton()
Record is not present.

Inside CheckPendingRequests
------------------------------------------------
Inside Request Tab
Inside ClickPendingButton()
Record is not present.

Inside CheckRejectedRequests
------------------------------------------------
Inside Request Tab
Inside ClickRejectedButton()
Record is present.
Row Data => |4632300004|Transfer|4/11/23
3:55 PM|Rejected|Amol N Patil|
Status : Rejected

Sign Out completed!

-------------------------------------------------------
Total Manual Testcase Count : 0
Total Automation Testcase Count : 5
]]></system-out>
    <system-err><![CDATA[Starting ChromeDriver 112.0.5615.49 (bd2a7bcb881c11e8cfe3078709382934e3916914-refs/branch-heads/5615@{#936}) on port 21337
Only local connections are allowed.
Please see https://chromedriver.chromium.org/security-considerations for suggestions on keeping ChromeDriver safe.
ChromeDriver was started successfully.
May 05, 2023 3:28:14 PM org.openqa.selenium.remote.ProtocolHandshake createSession
INFO: Detected dialect: W3C
]]></system-err>
  </testcase>
  <testcase name="ExecuteAssetsGroupModuleTests" classname="com.tests.AMS.AssetsGroupModuleTest" time="8.762">
    <system-out><![CDATA[
End of Execution!
 INFO [main] (BaseClass.java:70)- url is opened
Executing AssetsGroupModule Testcases...
Login Succussful!
Current Page URL is : http://10.176.41.10:8080/UatAms/#/home/dashboard
Inside Dashboard Tab
Current page header : Dashboard
Inside Master Tab
Inside AssetsGroup Tab
Manual Testcases Covered : 3

Inside CreateAssetsGroupTest
------------------------------------------------
Inside AssetsGroup Tab
Manual Testcases Covered : 1
2 Records are present.

Table of Assets Group : 
----------------------------------
1 Computer HW (36Mth)  
-------------------------------------
2 Office Eq (36Mth)  
-------------------------------------

Inside SearchRequestTest
------------------------------------------------
Inside ItemsPerPageDropDown() : Selected Item is - 15
Inside SearchAssetsGroup()
Serched Assets Group for Asset Group Name(AssetsGroup)
1 Record is present.

Table of Assets Group : 
----------------------------------
1 Office Eq (36Mth)  
-------------------------------------
Inside AssetsGroup Tab

Inside UpdateAssetsGroupTest
------------------------------------------------
Inside SearchAssetsGroup()
Serched Assets Group for Asset Group Name(AssetsGroup)
1 Record is present.

Table of Asset Group : 
----------------------------------
1 Office Eq (36Mth)  
-------------------------------------
ActMessage
Inside AssetsGroup Tab

Inside DeleteAssetsGroupTest
------------------------------------------------
Inside SearchAssetsGroup()
Serched Assets Group for Asset Group Name(NewAssetsGroup)
1 Record is present.

Table of Asset Group : 
----------------------------------
1 Office Eq (60Mth)  
-------------------------------------
Deleted!

Sign Out completed!

-------------------------------------------------------
Total Manual Testcase Count : 8
Total Automation Testcase Count : 4
]]></system-out>
    <system-err><![CDATA[Starting ChromeDriver 112.0.5615.49 (bd2a7bcb881c11e8cfe3078709382934e3916914-refs/branch-heads/5615@{#936}) on port 45721
Only local connections are allowed.
Please see https://chromedriver.chromium.org/security-considerations for suggestions on keeping ChromeDriver safe.
ChromeDriver was started successfully.
May 05, 2023 3:28:22 PM org.openqa.selenium.remote.ProtocolHandshake createSession
INFO: Detected dialect: W3C
]]></system-err>
  </testcase>
  <testcase name="ExecuteAssetsDepartmentModuleTests" classname="com.tests.AMS.AssetsDepartmentModuleTest" time="8.431">
    <system-out><![CDATA[
End of Execution!
 INFO [main] (BaseClass.java:70)- url is opened
Executing Login Testcases...
Login Succussful!
Current Page URL is : http://10.176.41.10:8080/UatAms/#/home/dashboard
Inside Dashboard Tab
Current page header : Dashboard
Inside Master Tab
Inside AssetsDepartment Tab

Inside CreateAssetsDepartmentTest
------------------------------------------------
Inside AssetsDepartment Tab

Inside SearchAssetsDepartmentTest
------------------------------------------------
Inside ItemsPerPageDropDown() : Selected Item is - 15
Inside SearchAssetsDepartment()
Serched Assets Department for Asset Department Name(AssetDepartment)
1 Record is present.

Table of Assets Department : 
----------------------------------
1 Testing  
-------------------------------------
Inside AssetsDepartment Tab

Inside UpdateAssetsDepartmentTest
------------------------------------------------
Inside SearchAssetsDepartment()
Serched Assets Department for Asset Department Name(AssetDepartment)
Record Updated Successfully!
Inside AssetsDepartment Tab

Inside DeleteAssetsDepartmentTest
------------------------------------------------
Inside SearchAssetsDepartment()
Serched Assets Department for Asset Department Name(NewAssetDepartment)
1 Record is present.

Table of Assets Department : 
----------------------------------
1 HR  
-------------------------------------
Deleted!

Sign Out completed!

-------------------------------------------------------
Total Manual Testcase Count : 0
Total Automation Testcase Count : 4
]]></system-out>
    <system-err><![CDATA[Starting ChromeDriver 112.0.5615.49 (bd2a7bcb881c11e8cfe3078709382934e3916914-refs/branch-heads/5615@{#936}) on port 33019
Only local connections are allowed.
Please see https://chromedriver.chromium.org/security-considerations for suggestions on keeping ChromeDriver safe.
ChromeDriver was started successfully.
May 05, 2023 3:28:35 PM org.openqa.selenium.remote.ProtocolHandshake createSession
INFO: Detected dialect: W3C
]]></system-err>
  </testcase>
  <testcase name="ExecuteAssetsVendorModuleTests" classname="com.tests.AMS.AssetsVendorModuleTest" time="8.58">
    <system-out><![CDATA[
End of Execution!
 INFO [main] (BaseClass.java:70)- url is opened
Executing Assets Vendor Module Testcases...
Login Succussful!
Current Page URL is : http://10.176.41.10:8080/UatAms/#/home/dashboard
Inside Dashboard Tab
Current page header : Dashboard
Inside Master Tab
Inside AssetsVendor Tab

Inside CreateAssetsVendorTest
------------------------------------------------
Inside AssetsVendor Tab

Inside SearchAssetsVendorTest
------------------------------------------------
Inside SearchAssetsVendor()
Serched Assets Vendor for Asset Vendor Name(AssetVendorName)
1 Record is present.

Table of Asset Vendor : 
----------------------------------
1 Orient technologies 46100028  
-------------------------------------
Inside AssetsVendor Tab

Inside UpdateAssetsVendorTest
------------------------------------------------
Inside SearchAssetsVendor()
Serched Assets Vendor for Asset Vendor Name(AssetVendorName)
1 Record is present.

Table of Asset Vendor : 
----------------------------------
1 Orient technologies 46100028  
-------------------------------------
ActMessage
Inside AssetsVendor Tab

Inside DeleteAssetsVendorTest
------------------------------------------------
Inside SearchAssetsVendor()
Serched Assets Vendor for Asset Vendor Name(NewAssetVendorName)
1 Record is present.

Table of Asset Vendor : 
----------------------------------
1 Dynamic Distributors 46100034  
-------------------------------------
Deleted!

Sign Out completed!

-------------------------------------------------------
Total Manual Testcase Count : 0
Total Automation Testcase Count : 4
]]></system-out>
    <system-err><![CDATA[Starting ChromeDriver 112.0.5615.49 (bd2a7bcb881c11e8cfe3078709382934e3916914-refs/branch-heads/5615@{#936}) on port 41458
Only local connections are allowed.
Please see https://chromedriver.chromium.org/security-considerations for suggestions on keeping ChromeDriver safe.
ChromeDriver was started successfully.
May 05, 2023 3:28:47 PM org.openqa.selenium.remote.ProtocolHandshake createSession
INFO: Detected dialect: W3C
]]></system-err>
  </testcase>
  <testcase name="ExecuteAssetsStatusModuleTests" classname="com.tests.AMS.AssetsStatusModuleTest" time="8.314">
    <system-out><![CDATA[
End of Execution!
 INFO [main] (BaseClass.java:70)- url is opened
Executing Assets Status Module Testcases...
Login Succussful!
Current Page URL is : http://10.176.41.10:8080/UatAms/#/home/dashboard
Inside Dashboard Tab
Current page header : Dashboard
Inside Master Tab
Inside AssetsStatus Tab

Inside SearchAssetsStatusTest
------------------------------------------------
Inside ItemsPerPageDropDown() : Selected Item is - 15
7 Records are present.

Table of Asset Status : 
----------------------------------
1 Allocated  
-------------------------------------
2 Discard  
-------------------------------------
3 Active  
-------------------------------------
4 Deactive  
-------------------------------------
5 Approved  
-------------------------------------
6 Declined  
-------------------------------------
7 Available  
-------------------------------------
Inside AssetsStatus Tab

Inside CreateAssetsStatusTest
------------------------------------------------
Manual Testcases Covered : 8
Message displayed is Record Created Successfully!
Inside AssetsStatus Tab

Inside SearchAssetsStatusTest
------------------------------------------------
Manual Testcases Covered : 3
Inside ItemsPerPageDropDown() : Selected Item is - 15
Inside SearchAssetsStatus()
Serched Assets Status for Asset Status Name(AssetStatusName)
1 Record is present.

Table of Asset Status : 
----------------------------------
1 Not Present  
-------------------------------------
Inside AssetsStatus Tab

Inside UpdateAssetsStatusTest
------------------------------------------------
Manual Testcases Covered : 4
Inside SearchAssetsStatus()
Serched Assets Status for Asset Status Name(AssetStatusName)
1 Record is present.

Table of Asset Status : 
----------------------------------
1 Not Present  
-------------------------------------
Record Updated Successfully!
Inside AssetsStatus Tab

Inside DeleteAssetsStatusTest
------------------------------------------------
Manual Testcases Covered : 4
Inside SearchAssetsStatus()
Serched Assets Status for Asset Status Name(NewAssetStatusName)
1 Record is present.

Table of Asset Status : 
----------------------------------
1 Present  
-------------------------------------
Deleted!

Sign Out completed!

-------------------------------------------------------
Total Manual Testcase Count : 20
Total Automation Testcase Count : 5
]]></system-out>
    <system-err><![CDATA[Starting ChromeDriver 112.0.5615.49 (bd2a7bcb881c11e8cfe3078709382934e3916914-refs/branch-heads/5615@{#936}) on port 33576
Only local connections are allowed.
Please see https://chromedriver.chromium.org/security-considerations for suggestions on keeping ChromeDriver safe.
ChromeDriver was started successfully.
May 05, 2023 3:28:59 PM org.openqa.selenium.remote.ProtocolHandshake createSession
INFO: Detected dialect: W3C
]]></system-err>
  </testcase>
  <testcase name="ExecuteUserModuleTests" classname="com.tests.AMS.UserModuleTest" time="10.639">
    <system-out><![CDATA[
End of Execution!
 INFO [main] (BaseClass.java:70)- url is opened
Executing User Module Testcases...
Login Succussful!
Current Page URL is : http://10.176.41.10:8080/UatAms/#/home/dashboard
Inside Dashboard Tab
Current page header : Dashboard
Inside Master Tab
Inside User Tab

Inside GetAllRowsPresent
------------------------------------------------
Inside ItemsPerPageDropDown() : Selected Item is - 15
8 Records are present.

Table of Users : 
----------------------------------
P1320820 ParagJadhav ADMIN parag.jadhav@ncs.com.sg INITIAL  
-------------------------------------
P1320802 PiyushChoraria ADMIN piyush.choraria@ncs.com.sg INITIAL  
-------------------------------------
P1324223 Amol Patil USER amoln.patil@in.ncs-i.com INITIAL  
-------------------------------------
P1347100 Vaibhav Shirole USER vaibhav.shirole@in.ncs-i.com INITIAL  
-------------------------------------
P1322149 SuvajitDas USER suvajit.das@ncs.com.sg INITIAL  
-------------------------------------
P1320001 admin ADMIN admin.hrms@ncs.com.sg INITIAL  
-------------------------------------
P1346897 Shivam USER shivam.upadhyay@ncs.com.sg INITIAL  
-------------------------------------
P1322118 ankit ADMIN ankit.sharma@ncs.com.sg INITIAL  
-------------------------------------
Inside User Tab

Inside CreateUserTest
------------------------------------------------
Manual Testcases Covered : 12
Inside SelectItemFromItemsPerPageDropDown() : Selected Item is - Role1
Inside Master Tab
Inside User Tab

Inside SearchUserTest
------------------------------------------------
Manual Testcases Covered : 2
Inside ItemsPerPageDropDown() : Selected Item is - 15
Inside SearchUser()
Serched Users Status for User Name(P1345365)
1 Record is present.

Table of Users : 
----------------------------------
P1345365 AkashD ADMIN akash.dhole@ncs.com.sg INITIAL  
-------------------------------------
Inside User Tab

Inside UpdateUserTest
------------------------------------------------
Manual Testcases Covered : 10
Inside SearchUser()
Serched Users Status for User Name(P1345365)
1 Record is present.
Selected Role is - USER
Inside User Tab

Inside DeleteUserTest
------------------------------------------------
Inside SearchUser()
Serched Users Status for User Name(P1345365)
1 Record is present.

Table of Users : 
----------------------------------
P1345365 AkashD ADMIN akash.dhole@ncs.com.sg INITIAL  
-------------------------------------
Deleted!
Inside Master Tab
Inside User Tab

Inside GetAllRowsPresent
------------------------------------------------
Inside ItemsPerPageDropDown() : Selected Item is - 15
8 Records are present.

Table of Users : 
----------------------------------
P1320820 ParagJadhav ADMIN parag.jadhav@ncs.com.sg INITIAL  
-------------------------------------
P1320802 PiyushChoraria ADMIN piyush.choraria@ncs.com.sg INITIAL  
-------------------------------------
P1324223 Amol Patil USER amoln.patil@in.ncs-i.com INITIAL  
-------------------------------------
P1347100 Vaibhav Shirole USER vaibhav.shirole@in.ncs-i.com INITIAL  
-------------------------------------
P1322149 SuvajitDas USER suvajit.das@ncs.com.sg INITIAL  
-------------------------------------
P1320001 admin ADMIN admin.hrms@ncs.com.sg INITIAL  
-------------------------------------
P1346897 Shivam USER shivam.upadhyay@ncs.com.sg INITIAL  
-------------------------------------
P1322118 ankit ADMIN ankit.sharma@ncs.com.sg INITIAL  
-------------------------------------

Sign Out completed!

-------------------------------------------------------
Total Manual Testcase Count : 24
Total Automation Testcase Count : 5
]]></system-out>
    <system-err><![CDATA[Starting ChromeDriver 112.0.5615.49 (bd2a7bcb881c11e8cfe3078709382934e3916914-refs/branch-heads/5615@{#936}) on port 4105
Only local connections are allowed.
Please see https://chromedriver.chromium.org/security-considerations for suggestions on keeping ChromeDriver safe.
ChromeDriver was started successfully.
May 05, 2023 3:29:11 PM org.openqa.selenium.remote.ProtocolHandshake createSession
INFO: Detected dialect: W3C
]]></system-err>
  </testcase>
</testsuite>