<?xml version="1.0" encoding="UTF-8"?>
<testsuite xmlns:xsi="http://www.w3.org/2001/XMLSchema-instance" xsi:noNamespaceSchemaLocation="https://maven.apache.org/surefire/maven-surefire-plugin/xsd/surefire-test-report-3.0.xsd" version="3.0" name="TestSuite" time="15.973" tests="1" errors="0" skipped="0" failures="0">
  <properties>
    <property name="java.specification.version" value="17"/>
    <property name="webdriver.chrome.driver" value="C:\Users\P1345365\.cache\selenium\chromedriver\win32\112.0.5615.49\chromedriver.exe"/>
    <property name="sun.cpu.isalist" value="amd64"/>
    <property name="sun.jnu.encoding" value="Cp1252"/>
    <property name="java.class.path" value="D:\Projects\Projects\Selenabler_Framework\Selenabler2.0\target\test-classes;D:\Projects\Projects\Selenabler_Framework\Selenabler2.0\target\classes;C:\Users\P1345365\.m2\repository\org\apache\commons\commons-collections4\4.1\commons-collections4-4.1.jar;C:\Users\P1345365\.m2\repository\org\fluttercode\datafactory\datafactory\0.8\datafactory-0.8.jar;C:\Users\P1345365\.m2\repository\org\seleniumhq\selenium\selenium-java\3.12.0\selenium-java-3.12.0.jar;C:\Users\P1345365\.m2\repository\org\seleniumhq\selenium\selenium-api\3.12.0\selenium-api-3.12.0.jar;C:\Users\P1345365\.m2\repository\org\seleniumhq\selenium\selenium-chrome-driver\3.12.0\selenium-chrome-driver-3.12.0.jar;C:\Users\P1345365\.m2\repository\org\seleniumhq\selenium\selenium-edge-driver\3.12.0\selenium-edge-driver-3.12.0.jar;C:\Users\P1345365\.m2\repository\org\seleniumhq\selenium\selenium-firefox-driver\3.12.0\selenium-firefox-driver-3.12.0.jar;C:\Users\P1345365\.m2\repository\org\seleniumhq\selenium\selenium-ie-driver\3.12.0\selenium-ie-driver-3.12.0.jar;C:\Users\P1345365\.m2\repository\org\seleniumhq\selenium\selenium-opera-driver\3.12.0\selenium-opera-driver-3.12.0.jar;C:\Users\P1345365\.m2\repository\org\seleniumhq\selenium\selenium-remote-driver\3.12.0\selenium-remote-driver-3.12.0.jar;C:\Users\P1345365\.m2\repository\org\seleniumhq\selenium\selenium-safari-driver\3.12.0\selenium-safari-driver-3.12.0.jar;C:\Users\P1345365\.m2\repository\org\seleniumhq\selenium\selenium-support\3.12.0\selenium-support-3.12.0.jar;C:\Users\P1345365\.m2\repository\net\bytebuddy\byte-buddy\1.8.3\byte-buddy-1.8.3.jar;C:\Users\P1345365\.m2\repository\org\apache\commons\commons-exec\1.3\commons-exec-1.3.jar;C:\Users\P1345365\.m2\repository\commons-codec\commons-codec\1.10\commons-codec-1.10.jar;C:\Users\P1345365\.m2\repository\commons-logging\commons-logging\1.2\commons-logging-1.2.jar;C:\Users\P1345365\.m2\repository\com\google\code\gson\gson\2.8.2\gson-2.8.2.jar;C:\Users\P1345365\.m2\repository\com\google\guava\guava\23.6-jre\guava-23.6-jre.jar;C:\Users\P1345365\.m2\repository\com\google\code\findbugs\jsr305\1.3.9\jsr305-1.3.9.jar;C:\Users\P1345365\.m2\repository\org\checkerframework\checker-compat-qual\2.0.0\checker-compat-qual-2.0.0.jar;C:\Users\P1345365\.m2\repository\com\google\errorprone\error_prone_annotations\2.1.3\error_prone_annotations-2.1.3.jar;C:\Users\P1345365\.m2\repository\com\google\j2objc\j2objc-annotations\1.1\j2objc-annotations-1.1.jar;C:\Users\P1345365\.m2\repository\org\codehaus\mojo\animal-sniffer-annotations\1.14\animal-sniffer-annotations-1.14.jar;C:\Users\P1345365\.m2\repository\org\apache\httpcomponents\httpclient\4.5.3\httpclient-4.5.3.jar;C:\Users\P1345365\.m2\repository\org\apache\httpcomponents\httpcore\4.4.6\httpcore-4.4.6.jar;C:\Users\P1345365\.m2\repository\com\squareup\okhttp3\okhttp\3.9.1\okhttp-3.9.1.jar;C:\Users\P1345365\.m2\repository\com\squareup\okio\okio\1.13.0\okio-1.13.0.jar;C:\Users\P1345365\.m2\repository\org\testng\testng\6.14.3\testng-6.14.3.jar;C:\Users\P1345365\.m2\repository\com\beust\jcommander\1.72\jcommander-1.72.jar;C:\Users\P1345365\.m2\repository\org\apache-extras\beanshell\bsh\2.0b6\bsh-2.0b6.jar;C:\Users\P1345365\.m2\repository\com\opencsv\opencsv\5.2\opencsv-5.2.jar;C:\Users\P1345365\.m2\repository\org\apache\commons\commons-text\1.8\commons-text-1.8.jar;C:\Users\P1345365\.m2\repository\commons-beanutils\commons-beanutils\1.9.4\commons-beanutils-1.9.4.jar;C:\Users\P1345365\.m2\repository\commons-collections\commons-collections\3.2.2\commons-collections-3.2.2.jar;C:\Users\P1345365\.m2\repository\org\apache\poi\poi\3.17\poi-3.17.jar;C:\Users\P1345365\.m2\repository\org\apache\poi\poi-ooxml\3.17\poi-ooxml-3.17.jar;C:\Users\P1345365\.m2\repository\org\apache\poi\poi-ooxml-schemas\3.17\poi-ooxml-schemas-3.17.jar;C:\Users\P1345365\.m2\repository\org\apache\xmlbeans\xmlbeans\2.6.0\xmlbeans-2.6.0.jar;C:\Users\P1345365\.m2\repository\stax\stax-api\1.0.1\stax-api-1.0.1.jar;C:\Users\P1345365\.m2\repository\com\github\virtuald\curvesapi\1.04\curvesapi-1.04.jar;C:\Users\P1345365\.m2\repository\com\aventstack\extentreports\3.1.5\extentreports-3.1.5.jar;C:\Users\P1345365\.m2\repository\org\freemarker\freemarker\2.3.23\freemarker-2.3.23.jar;C:\Users\P1345365\.m2\repository\org\mongodb\mongodb-driver\3.3.0\mongodb-driver-3.3.0.jar;C:\Users\P1345365\.m2\repository\org\mongodb\bson\3.3.0\bson-3.3.0.jar;C:\Users\P1345365\.m2\repository\org\mongodb\mongodb-driver-core\3.3.0\mongodb-driver-core-3.3.0.jar;C:\Users\P1345365\.m2\repository\org\apache\httpcomponents\httpmime\4.5.2\httpmime-4.5.2.jar;C:\Users\P1345365\.m2\repository\org\jsoup\jsoup\1.9.2\jsoup-1.9.2.jar;C:\Users\P1345365\.m2\repository\org\apache\commons\commons-lang3\3.0\commons-lang3-3.0.jar;C:\Users\P1345365\.m2\repository\commons-io\commons-io\2.6\commons-io-2.6.jar;C:\Users\P1345365\.m2\repository\log4j\log4j\1.2.17\log4j-1.2.17.jar;C:\Users\P1345365\.m2\repository\com\paulhammant\ngwebdriver\1.1.5\ngwebdriver-1.1.5.jar;C:\Users\P1345365\.m2\repository\io\github\bonigarcia\webdrivermanager\5.3.0\webdrivermanager-5.3.0.jar;C:\Users\P1345365\.m2\repository\org\slf4j\slf4j-api\1.7.36\slf4j-api-1.7.36.jar;C:\Users\P1345365\.m2\repository\com\github\docker-java\docker-java\3.2.13\docker-java-3.2.13.jar;C:\Users\P1345365\.m2\repository\com\github\docker-java\docker-java-core\3.2.13\docker-java-core-3.2.13.jar;C:\Users\P1345365\.m2\repository\com\github\docker-java\docker-java-api\3.2.13\docker-java-api-3.2.13.jar;C:\Users\P1345365\.m2\repository\com\fasterxml\jackson\core\jackson-annotations\2.10.3\jackson-annotations-2.10.3.jar;C:\Users\P1345365\.m2\repository\org\apache\commons\commons-compress\1.21\commons-compress-1.21.jar;C:\Users\P1345365\.m2\repository\com\fasterxml\jackson\core\jackson-databind\2.10.3\jackson-databind-2.10.3.jar;C:\Users\P1345365\.m2\repository\com\fasterxml\jackson\core\jackson-core\2.10.3\jackson-core-2.10.3.jar;C:\Users\P1345365\.m2\repository\org\bouncycastle\bcpkix-jdk15on\1.64\bcpkix-jdk15on-1.64.jar;C:\Users\P1345365\.m2\repository\org\bouncycastle\bcprov-jdk15on\1.64\bcprov-jdk15on-1.64.jar;C:\Users\P1345365\.m2\repository\org\slf4j\jcl-over-slf4j\1.7.30\jcl-over-slf4j-1.7.30.jar;C:\Users\P1345365\.m2\repository\com\github\docker-java\docker-java-transport-httpclient5\3.2.13\docker-java-transport-httpclient5-3.2.13.jar;C:\Users\P1345365\.m2\repository\com\github\docker-java\docker-java-transport\3.2.13\docker-java-transport-3.2.13.jar;C:\Users\P1345365\.m2\repository\net\java\dev\jna\jna\5.8.0\jna-5.8.0.jar;C:\Users\P1345365\.m2\repository\org\brotli\dec\0.1.2\dec-0.1.2.jar;C:\Users\P1345365\.m2\repository\org\apache\httpcomponents\client5\httpclient5\5.1.3\httpclient5-5.1.3.jar;C:\Users\P1345365\.m2\repository\org\apache\httpcomponents\core5\httpcore5\5.1.3\httpcore5-5.1.3.jar;C:\Users\P1345365\.m2\repository\org\apache\httpcomponents\core5\httpcore5-h2\5.1.3\httpcore5-h2-5.1.3.jar;C:\Users\P1345365\.m2\repository\net\rcarz\jira-client\0.5\jira-client-0.5.jar;C:\Users\P1345365\.m2\repository\net\sf\json-lib\json-lib\2.4\json-lib-2.4-jdk15.jar;C:\Users\P1345365\.m2\repository\commons-lang\commons-lang\2.5\commons-lang-2.5.jar;C:\Users\P1345365\.m2\repository\net\sf\ezmorph\ezmorph\1.0.6\ezmorph-1.0.6.jar;C:\Users\P1345365\.m2\repository\joda-time\joda-time\2.3\joda-time-2.3.jar;C:\Users\P1345365\.m2\repository\junit\junit\4.8.2\junit-4.8.2.jar;C:\Users\P1345365\.m2\repository\org\mockito\mockito-all\1.9.0\mockito-all-1.9.0.jar;C:\Users\P1345365\.m2\repository\commons-httpclient\commons-httpclient\3.1\commons-httpclient-3.1.jar;"/>
    <property name="java.vm.vendor" value="Eclipse Adoptium"/>
    <property name="sun.arch.data.model" value="64"/>
    <property name="user.variant" value=""/>
    <property name="java.vendor.url" value="https://adoptium.net/"/>
    <property name="user.timezone" value="Asia/Calcutta"/>
    <property name="os.name" value="Windows 10"/>
    <property name="java.vm.specification.version" value="17"/>
    <property name="sun.java.launcher" value="SUN_STANDARD"/>
    <property name="user.country" value="US"/>
    <property name="sun.boot.library.path" value="C:\Users\P1345365\eclipse\java-2023-3\eclipse\plugins\org.eclipse.justj.openjdk.hotspot.jre.full.win32.x86_64_17.0.6.v20230204-1729\jre\bin"/>
    <property name="sun.java.command" value="C:\Users\P1345365\AppData\Local\Temp\surefire17063187358919150488\surefirebooter13601743936597244031.jar C:\Users\P1345365\AppData\Local\Temp\surefire17063187358919150488 2023-04-20T14-47-55_269-jvmRun1 surefire928169081063779582tmp surefire_06065293533965886069tmp"/>
    <property name="jdk.debug" value="release"/>
    <property name="surefire.test.class.path" value="D:\Projects\Projects\Selenabler_Framework\Selenabler2.0\target\test-classes;D:\Projects\Projects\Selenabler_Framework\Selenabler2.0\target\classes;C:\Users\P1345365\.m2\repository\org\apache\commons\commons-collections4\4.1\commons-collections4-4.1.jar;C:\Users\P1345365\.m2\repository\org\fluttercode\datafactory\datafactory\0.8\datafactory-0.8.jar;C:\Users\P1345365\.m2\repository\org\seleniumhq\selenium\selenium-java\3.12.0\selenium-java-3.12.0.jar;C:\Users\P1345365\.m2\repository\org\seleniumhq\selenium\selenium-api\3.12.0\selenium-api-3.12.0.jar;C:\Users\P1345365\.m2\repository\org\seleniumhq\selenium\selenium-chrome-driver\3.12.0\selenium-chrome-driver-3.12.0.jar;C:\Users\P1345365\.m2\repository\org\seleniumhq\selenium\selenium-edge-driver\3.12.0\selenium-edge-driver-3.12.0.jar;C:\Users\P1345365\.m2\repository\org\seleniumhq\selenium\selenium-firefox-driver\3.12.0\selenium-firefox-driver-3.12.0.jar;C:\Users\P1345365\.m2\repository\org\seleniumhq\selenium\selenium-ie-driver\3.12.0\selenium-ie-driver-3.12.0.jar;C:\Users\P1345365\.m2\repository\org\seleniumhq\selenium\selenium-opera-driver\3.12.0\selenium-opera-driver-3.12.0.jar;C:\Users\P1345365\.m2\repository\org\seleniumhq\selenium\selenium-remote-driver\3.12.0\selenium-remote-driver-3.12.0.jar;C:\Users\P1345365\.m2\repository\org\seleniumhq\selenium\selenium-safari-driver\3.12.0\selenium-safari-driver-3.12.0.jar;C:\Users\P1345365\.m2\repository\org\seleniumhq\selenium\selenium-support\3.12.0\selenium-support-3.12.0.jar;C:\Users\P1345365\.m2\repository\net\bytebuddy\byte-buddy\1.8.3\byte-buddy-1.8.3.jar;C:\Users\P1345365\.m2\repository\org\apache\commons\commons-exec\1.3\commons-exec-1.3.jar;C:\Users\P1345365\.m2\repository\commons-codec\commons-codec\1.10\commons-codec-1.10.jar;C:\Users\P1345365\.m2\repository\commons-logging\commons-logging\1.2\commons-logging-1.2.jar;C:\Users\P1345365\.m2\repository\com\google\code\gson\gson\2.8.2\gson-2.8.2.jar;C:\Users\P1345365\.m2\repository\com\google\guava\guava\23.6-jre\guava-23.6-jre.jar;C:\Users\P1345365\.m2\repository\com\google\code\findbugs\jsr305\1.3.9\jsr305-1.3.9.jar;C:\Users\P1345365\.m2\repository\org\checkerframework\checker-compat-qual\2.0.0\checker-compat-qual-2.0.0.jar;C:\Users\P1345365\.m2\repository\com\google\errorprone\error_prone_annotations\2.1.3\error_prone_annotations-2.1.3.jar;C:\Users\P1345365\.m2\repository\com\google\j2objc\j2objc-annotations\1.1\j2objc-annotations-1.1.jar;C:\Users\P1345365\.m2\repository\org\codehaus\mojo\animal-sniffer-annotations\1.14\animal-sniffer-annotations-1.14.jar;C:\Users\P1345365\.m2\repository\org\apache\httpcomponents\httpclient\4.5.3\httpclient-4.5.3.jar;C:\Users\P1345365\.m2\repository\org\apache\httpcomponents\httpcore\4.4.6\httpcore-4.4.6.jar;C:\Users\P1345365\.m2\repository\com\squareup\okhttp3\okhttp\3.9.1\okhttp-3.9.1.jar;C:\Users\P1345365\.m2\repository\com\squareup\okio\okio\1.13.0\okio-1.13.0.jar;C:\Users\P1345365\.m2\repository\org\testng\testng\6.14.3\testng-6.14.3.jar;C:\Users\P1345365\.m2\repository\com\beust\jcommander\1.72\jcommander-1.72.jar;C:\Users\P1345365\.m2\repository\org\apache-extras\beanshell\bsh\2.0b6\bsh-2.0b6.jar;C:\Users\P1345365\.m2\repository\com\opencsv\opencsv\5.2\opencsv-5.2.jar;C:\Users\P1345365\.m2\repository\org\apache\commons\commons-text\1.8\commons-text-1.8.jar;C:\Users\P1345365\.m2\repository\commons-beanutils\commons-beanutils\1.9.4\commons-beanutils-1.9.4.jar;C:\Users\P1345365\.m2\repository\commons-collections\commons-collections\3.2.2\commons-collections-3.2.2.jar;C:\Users\P1345365\.m2\repository\org\apache\poi\poi\3.17\poi-3.17.jar;C:\Users\P1345365\.m2\repository\org\apache\poi\poi-ooxml\3.17\poi-ooxml-3.17.jar;C:\Users\P1345365\.m2\repository\org\apache\poi\poi-ooxml-schemas\3.17\poi-ooxml-schemas-3.17.jar;C:\Users\P1345365\.m2\repository\org\apache\xmlbeans\xmlbeans\2.6.0\xmlbeans-2.6.0.jar;C:\Users\P1345365\.m2\repository\stax\stax-api\1.0.1\stax-api-1.0.1.jar;C:\Users\P1345365\.m2\repository\com\github\virtuald\curvesapi\1.04\curvesapi-1.04.jar;C:\Users\P1345365\.m2\repository\com\aventstack\extentreports\3.1.5\extentreports-3.1.5.jar;C:\Users\P1345365\.m2\repository\org\freemarker\freemarker\2.3.23\freemarker-2.3.23.jar;C:\Users\P1345365\.m2\repository\org\mongodb\mongodb-driver\3.3.0\mongodb-driver-3.3.0.jar;C:\Users\P1345365\.m2\repository\org\mongodb\bson\3.3.0\bson-3.3.0.jar;C:\Users\P1345365\.m2\repository\org\mongodb\mongodb-driver-core\3.3.0\mongodb-driver-core-3.3.0.jar;C:\Users\P1345365\.m2\repository\org\apache\httpcomponents\httpmime\4.5.2\httpmime-4.5.2.jar;C:\Users\P1345365\.m2\repository\org\jsoup\jsoup\1.9.2\jsoup-1.9.2.jar;C:\Users\P1345365\.m2\repository\org\apache\commons\commons-lang3\3.0\commons-lang3-3.0.jar;C:\Users\P1345365\.m2\repository\commons-io\commons-io\2.6\commons-io-2.6.jar;C:\Users\P1345365\.m2\repository\log4j\log4j\1.2.17\log4j-1.2.17.jar;C:\Users\P1345365\.m2\repository\com\paulhammant\ngwebdriver\1.1.5\ngwebdriver-1.1.5.jar;C:\Users\P1345365\.m2\repository\io\github\bonigarcia\webdrivermanager\5.3.0\webdrivermanager-5.3.0.jar;C:\Users\P1345365\.m2\repository\org\slf4j\slf4j-api\1.7.36\slf4j-api-1.7.36.jar;C:\Users\P1345365\.m2\repository\com\github\docker-java\docker-java\3.2.13\docker-java-3.2.13.jar;C:\Users\P1345365\.m2\repository\com\github\docker-java\docker-java-core\3.2.13\docker-java-core-3.2.13.jar;C:\Users\P1345365\.m2\repository\com\github\docker-java\docker-java-api\3.2.13\docker-java-api-3.2.13.jar;C:\Users\P1345365\.m2\repository\com\fasterxml\jackson\core\jackson-annotations\2.10.3\jackson-annotations-2.10.3.jar;C:\Users\P1345365\.m2\repository\org\apache\commons\commons-compress\1.21\commons-compress-1.21.jar;C:\Users\P1345365\.m2\repository\com\fasterxml\jackson\core\jackson-databind\2.10.3\jackson-databind-2.10.3.jar;C:\Users\P1345365\.m2\repository\com\fasterxml\jackson\core\jackson-core\2.10.3\jackson-core-2.10.3.jar;C:\Users\P1345365\.m2\repository\org\bouncycastle\bcpkix-jdk15on\1.64\bcpkix-jdk15on-1.64.jar;C:\Users\P1345365\.m2\repository\org\bouncycastle\bcprov-jdk15on\1.64\bcprov-jdk15on-1.64.jar;C:\Users\P1345365\.m2\repository\org\slf4j\jcl-over-slf4j\1.7.30\jcl-over-slf4j-1.7.30.jar;C:\Users\P1345365\.m2\repository\com\github\docker-java\docker-java-transport-httpclient5\3.2.13\docker-java-transport-httpclient5-3.2.13.jar;C:\Users\P1345365\.m2\repository\com\github\docker-java\docker-java-transport\3.2.13\docker-java-transport-3.2.13.jar;C:\Users\P1345365\.m2\repository\net\java\dev\jna\jna\5.8.0\jna-5.8.0.jar;C:\Users\P1345365\.m2\repository\org\brotli\dec\0.1.2\dec-0.1.2.jar;C:\Users\P1345365\.m2\repository\org\apache\httpcomponents\client5\httpclient5\5.1.3\httpclient5-5.1.3.jar;C:\Users\P1345365\.m2\repository\org\apache\httpcomponents\core5\httpcore5\5.1.3\httpcore5-5.1.3.jar;C:\Users\P1345365\.m2\repository\org\apache\httpcomponents\core5\httpcore5-h2\5.1.3\httpcore5-h2-5.1.3.jar;C:\Users\P1345365\.m2\repository\net\rcarz\jira-client\0.5\jira-client-0.5.jar;C:\Users\P1345365\.m2\repository\net\sf\json-lib\json-lib\2.4\json-lib-2.4-jdk15.jar;C:\Users\P1345365\.m2\repository\commons-lang\commons-lang\2.5\commons-lang-2.5.jar;C:\Users\P1345365\.m2\repository\net\sf\ezmorph\ezmorph\1.0.6\ezmorph-1.0.6.jar;C:\Users\P1345365\.m2\repository\joda-time\joda-time\2.3\joda-time-2.3.jar;C:\Users\P1345365\.m2\repository\junit\junit\4.8.2\junit-4.8.2.jar;C:\Users\P1345365\.m2\repository\org\mockito\mockito-all\1.9.0\mockito-all-1.9.0.jar;C:\Users\P1345365\.m2\repository\commons-httpclient\commons-httpclient\3.1\commons-httpclient-3.1.jar;"/>
    <property name="sun.cpu.endian" value="little"/>
    <property name="user.home" value="C:\Users\P1345365"/>
    <property name="user.language" value="en"/>
    <property name="java.specification.vendor" value="Oracle Corporation"/>
    <property name="java.version.date" value="2023-01-17"/>
    <property name="java.home" value="C:\Users\P1345365\eclipse\java-2023-3\eclipse\plugins\org.eclipse.justj.openjdk.hotspot.jre.full.win32.x86_64_17.0.6.v20230204-1729\jre"/>
    <property name="file.separator" value="\"/>
    <property name="style.color" value="always"/>
    <property name="basedir" value="D:\Projects\Projects\Selenabler_Framework\Selenabler2.0"/>
    <property name="java.vm.compressedOopsMode" value="Zero based"/>
    <property name="line.separator" value="&#10;"/>
    <property name="java.vm.specification.vendor" value="Oracle Corporation"/>
    <property name="java.specification.name" value="Java Platform API Specification"/>
    <property name="surefire.real.class.path" value="C:\Users\P1345365\AppData\Local\Temp\surefire17063187358919150488\surefirebooter13601743936597244031.jar"/>
    <property name="user.script" value=""/>
    <property name="sun.management.compiler" value="HotSpot 64-Bit Tiered Compilers"/>
    <property name="java.runtime.version" value="17.0.6+10"/>
    <property name="user.name" value="P1345365"/>
    <property name="path.separator" value=";"/>
    <property name="os.version" value="10.0"/>
    <property name="java.runtime.name" value="OpenJDK Runtime Environment"/>
    <property name="file.encoding" value="Cp1252"/>
    <property name="java.vm.name" value="OpenJDK 64-Bit Server VM"/>
    <property name="java.vendor.version" value="Temurin-17.0.6+10"/>
    <property name="localRepository" value="C:\Users\P1345365\.m2\repository"/>
    <property name="java.vendor.url.bug" value="https://github.com/adoptium/adoptium-support/issues"/>
    <property name="java.io.tmpdir" value="C:\Users\P1345365\AppData\Local\Temp\"/>
    <property name="java.version" value="17.0.6"/>
    <property name="user.dir" value="D:\Projects\Projects\Selenabler_Framework\Selenabler2.0"/>
    <property name="os.arch" value="amd64"/>
    <property name="java.vm.specification.name" value="Java Virtual Machine Specification"/>
    <property name="sun.os.patch.level" value=""/>
    <property name="native.encoding" value="Cp1252"/>
    <property name="java.library.path" value="C:\Users\P1345365\eclipse\java-2023-3\eclipse\plugins\org.eclipse.justj.openjdk.hotspot.jre.full.win32.x86_64_17.0.6.v20230204-1729\jre\bin;C:\WINDOWS\Sun\Java\bin;C:\WINDOWS\system32;C:\WINDOWS;C:/Users/P1345365/eclipse/java-2023-3/eclipse//plugins/org.eclipse.justj.openjdk.hotspot.jre.full.win32.x86_64_17.0.6.v20230204-1729/jre/bin/server;C:/Users/P1345365/eclipse/java-2023-3/eclipse//plugins/org.eclipse.justj.openjdk.hotspot.jre.full.win32.x86_64_17.0.6.v20230204-1729/jre/bin;D:\Python\Python310\Scripts\;D:\Python\Python310\;C:\Program Files (x86)\TRICENTIS\Tosca Testsuite\ToscaCommander;;C:\Program Files (x86)\TRICENTIS\Tosca Testsuite\Classic;C:\Program Files (x86)\TRICENTIS\Tosca Testsuite\Classic\dll;C:\Program Files (x86)\TRICENTIS\Tosca Testsuite\Classic\dll\GuptaEngine;C:\Program Files (x86)\TRICENTIS\Tosca Testsuite\ToscaCommander;C:\Program Files (x86)\TRICENTIS\Tosca Testsuite\Classic\dll\DelphiEngine;C:\Program Files (x86)\TRICENTIS\Tosca Testsuite\Classic\dll\PBEngine;C:\Program Files (x86)\TRICENTIS\Tosca Testsuite\Classic\dll\VBEngine;C:\Program Files (x86)\TRICENTIS\Tosca Testsuite\Classic\dll\DotNetHooking;;C:\Program Files (x86)\Common Files\Oracle\Java\javapath;C:\WINDOWS\system32;C:\WINDOWS;C:\WINDOWS\System32\Wbem;C:\WINDOWS\System32\WindowsPowerShell\v1.0\;C:\WINDOWS\System32\OpenSSH\;C:\Program Files\Microsoft SQL Server\Client SDK\ODBC\170\Tools\Binn\;C:\Program Files (x86)\Microsoft SQL Server\150\Tools\Binn\;C:\Program Files\Microsoft SQL Server\150\Tools\Binn\;C:\Program Files\Microsoft SQL Server\150\DTS\Binn\;C:\Program Files (x86)\Microsoft SQL Server\150\DTS\Binn\;C:\Program Files\Azure Data Studio\bin;C:\Ruby31-x64\bin;C:\Program Files\Java\jdk1.8.0_202;C:\Program Files\Java\jre1.8.0_202\bin;C:\Program Files\nodejs\;C:\Program Files\apache-maven-3.8.6\bin;;D:\Visual Studio Code\Microsoft VS Code\bin;C:\Program Files\MySQL\MySQL Shell 8.0\bin\;C:\Program Files\Java\jre1.8.0_202\bin;C:\Program Files\Java\jdk1.8.0_202\bin;C:\Users\P1345365\AppData\Local\Programs\Git\cmd;C:\Program Files\JetBrains\PyCharm Community Edition 2021.3.2\bin;D:\VS Code\VSCodeConfiguration\Microsoft VS Code\bin;C:\Users\P1345365\AppData\Local\JetBrains\Toolbox\scripts;;C:\Users\P1345365\eclipse\java-2023-3\eclipse;;."/>
    <property name="java.vm.info" value="mixed mode"/>
    <property name="java.vendor" value="Eclipse Adoptium"/>
    <property name="java.vm.version" value="17.0.6+10"/>
    <property name="sun.io.unicode.encoding" value="UnicodeLittle"/>
    <property name="java.class.version" value="61.0"/>
  </properties>
  <testcase name="AssetsGroupModuleTestExecution" classname="com.tests.AMS.AssetsStatusModuleTest" time="11.118">
    <system-out><![CDATA[ INFO [main] (BaseClass.java:70)- url is opened

Execute All AssetsGroup Module related Test Cases
--------------------------------------------------
Sign In completed
Current Page URL is : http://10.176.41.10:8080/UatAms/#/home/dashboard
Inside Dashboard Tab
Inside Master Tab

Inside AssetsStatus Tab

Inside SearchAssetsStatusTest
------------------------------------------------
Inside ItemsPerPageDropDown() : Selected Item is - 15
7 Records are present.
Number of cells In Row 0 are 3
All Rows
| 1 | Allocated |  | 
-------------------------------------------------- 
Number of cells In Row 1 are 3
All Rows
| 2 | Discard |  | 
-------------------------------------------------- 
Number of cells In Row 2 are 3
All Rows
| 3 | Active |  | 
-------------------------------------------------- 
Number of cells In Row 3 are 3
All Rows
| 4 | Deactive |  | 
-------------------------------------------------- 
Number of cells In Row 4 are 3
All Rows
| 5 | Approved |  | 
-------------------------------------------------- 
Number of cells In Row 5 are 3
All Rows
| 6 | Declined |  | 
-------------------------------------------------- 
Number of cells In Row 6 are 3
All Rows
| 7 | Available |  | 
-------------------------------------------------- 

Inside AssetsStatus Tab

Inside CreateAssetsStatusTest
------------------------------------------------

Inside AssetsStatus Tab

Inside SearchAssetsStatusTest
------------------------------------------------
Inside ItemsPerPageDropDown() : Selected Item is - 15
Inside SearchAssetsStatus()
Serched Assets Status for Asset Status Name(AssetStatusName)
1 Record is present.
Number of cells In Row 0 are 3
All Rows
| 1 | Not Present |  | 
-------------------------------------------------- 

Inside AssetsStatus Tab

Inside UpdateAssetsStatusTest
------------------------------------------------
Inside SearchAssetsStatus()
Serched Assets Status for Asset Status Name(AssetStatusName)
1 Record is present.
Record Updated Successfully!

Inside AssetsStatus Tab

Inside DeleteAssetsStatusTest
------------------------------------------------
Inside SearchAssetsStatus()
Serched Assets Status for Asset Status Name(NewAssetStatusName)
1 Record is present.
Number of cells In Row 0 are 3
All Rows
| 1 | Present |  | 
-------------------------------------------------- 
Deleted!
Sign Out completed
]]></system-out>
    <system-err><![CDATA[SLF4J: Failed to load class "org.slf4j.impl.StaticLoggerBinder".
SLF4J: Defaulting to no-operation (NOP) logger implementation
SLF4J: See http://www.slf4j.org/codes.html#StaticLoggerBinder for further details.
Starting ChromeDriver 112.0.5615.49 (bd2a7bcb881c11e8cfe3078709382934e3916914-refs/branch-heads/5615@{#936}) on port 16307
Only local connections are allowed.
Please see https://chromedriver.chromium.org/security-considerations for suggestions on keeping ChromeDriver safe.
ChromeDriver was started successfully.
Apr 20, 2023 2:47:58 PM org.openqa.selenium.remote.ProtocolHandshake createSession
INFO: Detected dialect: W3C
]]></system-err>
  </testcase>
</testsuite>