<?xml version="1.0" encoding="UTF-8"?>
<!-- Generated by org.testng.reporters.JUnitReportReporter -->
<testsuite hostname="NCSIN04R4GYP3C0" failures="0" tests="2" name="com.testCases.MankindTest" time="41.971" errors="0" timestamp="31 Jul 2023 18:04:04 GMT" skipped="1">
  <testcase classname="com.testCases.MankindTest" name="signUpTest" time="41.971"/>
  <testcase classname="com.testCases.MankindTest" name="changeCountryTest">
    <skipped/>
  </testcase> <!-- changeCountryTest -->
</testsuite> <!-- com.testCases.MankindTest -->
