<?xml version="1.0" encoding="UTF-8"?>
<!-- Generated by org.testng.reporters.JUnitReportReporter -->
<testsuite hostname="NCSIN04K4GYP3C0" failures="0" tests="1" name="com.ncs.advancedselenium.NetAporterWebsite.Assessment31JulyMissGuidedTest" time="162.792" errors="0" timestamp="2023-08-01T22:39:21 IST" skipped="0">
  <testcase classname="com.ncs.advancedselenium.NetAporterWebsite.Assessment31JulyMissGuidedTest" name="links_test" time="162.792"/>
  <system-out/>
</testsuite> <!-- com.ncs.advancedselenium.NetAporterWebsite.Assessment31JulyMissGuidedTest -->
