<?xml version="1.0" encoding="UTF-8"?>
<!-- Generated by org.testng.reporters.JUnitReportReporter -->
<testsuite hostname="NCSIN0JJ81KT2C0" failures="0" tests="1" name="com.testCases.LanguageChangeTest" time="29.844" errors="0" timestamp="16 Jul 2023 18:58:34 GMT" skipped="0">
  <testcase classname="com.testCases.LanguageChangeTest" name="LanguageChange" time="29.844"/>
</testsuite> <!-- com.testCases.LanguageChangeTest -->
