<?xml version="1.0" encoding="UTF-8"?>
<!-- Generated by org.testng.reporters.JUnitReportReporter -->
<testsuite hostname="NCSIN04K4GYP3C0" failures="0" tests="2" name="com.ncs.advancedselenium.NetAporterWebsite.Assessment31JulyPHPTravelersTest" time="70.507" errors="0" timestamp="2023-08-01T23:25:39 IST" skipped="0">
  <testcase classname="com.ncs.advancedselenium.NetAporterWebsite.Assessment31JulyPHPTravelersTest" name="validating_password" time="17.427"/>
  <system-out/>
  <testcase classname="com.ncs.advancedselenium.NetAporterWebsite.Assessment31JulyPHPTravelersTest" name="registration_test" time="53.080"/>
  <system-out/>
</testsuite> <!-- com.ncs.advancedselenium.NetAporterWebsite.Assessment31JulyPHPTravelersTest -->
