<?xml version="1.0" encoding="UTF-8"?>
<!-- Generated by org.testng.reporters.JUnitReportReporter -->
<testsuite skipped="0" hostname="DESKTOP-HT5UPF9" name="com.testCases.SAM_006_1_2" tests="1" failures="0" timestamp="16 Jul 2020 09:27:47 GMT" time="171.863" errors="0">
  <testcase name="verifyPwdRules" time="171.863" classname="com.testCases.SAM_006_1_2"/>
</testsuite> <!-- com.testCases.SAM_006_1_2 -->
