<?xml version="1.0" encoding="UTF-8"?>
<!-- Generated by org.testng.reporters.JUnitReportReporter -->
<testsuite hostname="NCSIN04K4GYP3C0" failures="0" tests="1" name="com.ncs.advancedselenium.NetAporterWebsite.Assessment31JulyMankindTest" time="269.640" errors="0" timestamp="2023-08-01T23:19:29 IST" skipped="0">
  <testcase classname="com.ncs.advancedselenium.NetAporterWebsite.Assessment31JulyMankindTest" name="dummy_test" time="269.640"/>
  <system-out/>
</testsuite> <!-- com.ncs.advancedselenium.NetAporterWebsite.Assessment31JulyMankindTest -->
