<?xml version="1.0" encoding="UTF-8"?>
<!-- Generated by org.testng.reporters.JUnitReportReporter -->
<testsuite hostname="NCSIN04R4GYP3C0" failures="0" tests="1" name="com.testCases.FrankieShopTest" time="71.226" errors="0" timestamp="01 Aug 2023 11:29:18 GMT" skipped="0">
  <testcase classname="com.testCases.FrankieShopTest" name="FrankieShopFilterTest" time="71.226"/>
</testsuite> <!-- com.testCases.FrankieShopTest -->
