<?xml version="1.0" encoding="UTF-8"?>
<!-- Generated by org.testng.reporters.JUnitReportReporter -->
<testsuite hostname="NCSIN04R4GYP3C0" failures="0" tests="1" name="com.testCases.HandMTest" time="96.590" errors="0" timestamp="27 Jul 2023 10:35:48 GMT" skipped="0">
  <testcase classname="com.testCases.HandMTest" name="verifyRecommendedSortSelectedByDefault" time="96.590"/>
</testsuite> <!-- com.testCases.HandMTest -->
