<?xml version="1.0" encoding="UTF-8"?>
<!-- Generated by org.testng.reporters.JUnitReportReporter -->
<testsuite hostname="NCSIN04R4GYP3C0" failures="0" tests="1" name="com.testCases.AsosTest" time="17.576" errors="0" timestamp="01 Aug 2023 13:55:39 GMT" skipped="0">
  <testcase classname="com.testCases.AsosTest" name="menAccessoriesLinksTest" time="17.576"/>
</testsuite> <!-- com.testCases.AsosTest -->
