<?xml version="1.0" encoding="UTF-8"?>
<!-- Generated by org.testng.reporters.JUnitReportReporter -->
<testsuite hostname="NCSIN04R4GYP3C0" failures="0" tests="1" name="com.testCases.AEAddProductsTest" time="48.080" errors="0" timestamp="31 Jul 2023 05:15:59 GMT" skipped="0">
  <testcase classname="com.testCases.AEAddProductsTest" name="addProductsTest" time="48.080"/>
</testsuite> <!-- com.testCases.AEAddProductsTest -->
