<?xml version="1.0" encoding="UTF-8"?>
<!-- Generated by org.testng.reporters.JUnitReportReporter -->
<testsuite hostname="NCSIN04R4GYP3C0" failures="0" tests="2" name="com.testCases.PetiteShopAllTest" time="65.175" errors="0" timestamp="25 Jul 2023 17:19:19 GMT" skipped="0">
  <testcase classname="com.testCases.PetiteShopAllTest" name="HelpLinksTest" time="24.655"/>
  <testcase classname="com.testCases.PetiteShopAllTest" name="ShopAllLinksTest" time="40.520"/>
</testsuite> <!-- com.testCases.PetiteShopAllTest -->
