<?xml version="1.0" encoding="UTF-8"?>
<!-- Generated by org.testng.reporters.JUnitReportReporter -->
<testsuite hostname="NCSIN04R4GYP3C0" failures="0" tests="2" name="com.testCases.PetiteShopAllTest" time="38.002" errors="0" timestamp="22 Jul 2023 03:47:45 GMT" skipped="0">
  <testcase classname="com.testCases.PetiteShopAllTest" name="ShopAllLinksTest" time="21.052"/>
  <testcase classname="com.testCases.PetiteShopAllTest" name="HelpLinksTest" time="16.950"/>
</testsuite> <!-- com.testCases.PetiteShopAllTest -->
