<?xml version="1.0" encoding="UTF-8"?>
<!-- Generated by org.testng.reporters.JUnitReportReporter -->
<testsuite skipped="0" hostname="DESKTOP-HT5UPF9" name="com.testCases.Login" tests="2" failures="0" timestamp="16 Jul 2020 09:24:33 GMT" time="227.312" errors="0">
  <testcase name="loginiExam" time="108.562" classname="com.testCases.Login"/>
  <testcase name="loginiExamExcelData" time="118.750" classname="com.testCases.Login"/>
</testsuite> <!-- com.testCases.Login -->
