<?xml version="1.0" encoding="UTF-8"?>
<!-- Generated by org.testng.reporters.JUnitReportReporter -->
<testsuite hostname="NCSIN04R4GYP3C0" failures="0" tests="1" name="com.testCases.HandMTest" time="100.274" errors="0" timestamp="27 Jul 2023 04:28:27 GMT" skipped="0">
  <testcase classname="com.testCases.HandMTest" name="verifyRecommendedSortSelectedByDefault" time="100.274"/>
</testsuite> <!-- com.testCases.HandMTest -->
