<?xml version="1.0" encoding="UTF-8"?>
<!-- Generated by org.testng.reporters.JUnitReportReporter -->
<testsuite skipped="0" hostname="DESKTOP-HT5UPF9" name="com.testCases.SAM_006_25_26" tests="1" failures="0" timestamp="15 Jul 2020 07:30:29 GMT" time="96.328" errors="0">
  <testcase name="verifyPastRequests" time="96.328" classname="com.testCases.SAM_006_25_26"/>
</testsuite> <!-- com.testCases.SAM_006_25_26 -->
