<?xml version="1.0" encoding="UTF-8"?>
<!-- Generated by org.testng.reporters.JUnitReportReporter -->
<testsuite hostname="NCSIN04K4GYP3C0" failures="0" tests="1" name="com.ncs.advancedselenium.NetAporterWebsite.AEEndToEndScenarioTest" time="21.381" errors="0" timestamp="2023-07-31T09:48:34 IST" skipped="0">
  <testcase classname="com.ncs.advancedselenium.NetAporterWebsite.AEEndToEndScenarioTest" name="f" time="21.381"/>
  <system-out/>
</testsuite> <!-- com.ncs.advancedselenium.NetAporterWebsite.AEEndToEndScenarioTest -->
