<?xml version="1.0" encoding="UTF-8"?>
<!-- Generated by org.testng.reporters.JUnitReportReporter -->
<testsuite hostname="NCSIN04R4GYP3C0" failures="0" tests="1" name="com.testCases.AEAddProductsTest" time="56.034" errors="0" timestamp="28 Jul 2023 12:20:12 GMT" skipped="0">
  <testcase classname="com.testCases.AEAddProductsTest" name="addProductsTest" time="56.034"/>
</testsuite> <!-- com.testCases.AEAddProductsTest -->
