<?xml version="1.0" encoding="UTF-8"?>
<!-- Generated by org.testng.reporters.JUnitReportReporter -->
<testsuite hostname="NCSIN04K4GYP3C0" failures="0" tests="2" name="com.ncs.advancedselenium.NetAporterWebsite.HMHomePageTest" time="28.948" errors="0" timestamp="2023-07-29T19:29:33 IST" skipped="0">
  <testcase classname="com.ncs.advancedselenium.NetAporterWebsite.HMHomePageTest" name="f" time="7.097"/>
  <system-out/>
  <testcase classname="com.ncs.advancedselenium.NetAporterWebsite.HMHomePageTest" name="men_section_test" time="21.851"/>
  <system-out/>
</testsuite> <!-- com.ncs.advancedselenium.NetAporterWebsite.HMHomePageTest -->
