<?xml version="1.0" encoding="UTF-8"?>
<!-- Generated by org.testng.reporters.JUnitReportReporter -->
<testsuite hostname="NCSIN04R4GYP3C0" failures="0" tests="2" name="com.testCases.PetiteShopAllTest" time="55.583" errors="0" timestamp="01 Aug 2023 12:45:58 GMT" skipped="0">
  <testcase classname="com.testCases.PetiteShopAllTest" name="HelpLinksTest" time="27.239"/>
  <testcase classname="com.testCases.PetiteShopAllTest" name="ShopAllLinksTest" time="28.344"/>
</testsuite> <!-- com.testCases.PetiteShopAllTest -->
