<?xml version="1.0" encoding="UTF-8"?>
<!-- Generated by org.testng.reporters.JUnitReportReporter -->
<testsuite hostname="DESKTOP-413IDC" failures="0" tests="1" name="com.tests.AMS.RequestModuleTest" time="5.071" errors="0" timestamp="23 Jun 2023 11:55:26 GMT" skipped="0">
  <testcase classname="com.tests.AMS.RequestModuleTest" name="ExecuteRequestModuleTests" time="5.071"/>
</testsuite> <!-- com.tests.AMS.RequestModuleTest -->
