<?xml version="1.0" encoding="UTF-8"?>
<!-- Generated by org.testng.reporters.JUnitReportReporter -->
<testsuite hostname="DESKTOP-413IDC" failures="0" tests="1" name="com.tests.AMS.RequestModuleTest" time="4.314" errors="0" timestamp="05 May 2023 07:37:49 GMT" skipped="0">
  <testcase classname="com.tests.AMS.RequestModuleTest" name="ExecuteRequestModuleTests" time="4.314"/>
</testsuite> <!-- com.tests.AMS.RequestModuleTest -->
