<?xml version="1.0" encoding="UTF-8"?>
<!-- Generated by org.testng.reporters.JUnitReportReporter -->
<testsuite hostname="DESKTOP-413IDC" failures="0" tests="1" name="com.tests.AMS.ForgotPasswordTest" time="2.910" errors="0" timestamp="05 May 2023 07:37:49 GMT" skipped="0">
  <testcase classname="com.tests.AMS.ForgotPasswordTest" name="ExecuteForgotPasswordTests" time="2.910"/>
</testsuite> <!-- com.tests.AMS.ForgotPasswordTest -->
