<?xml version="1.0" encoding="UTF-8"?>
<!-- Generated by org.testng.reporters.JUnitReportReporter -->
<testsuite hostname="DESKTOP-413IDC" failures="0" tests="1" name="com.tests.AMS.EmployeeModuleTest" time="13.117" errors="0" timestamp="05 May 2023 09:59:25 GMT" skipped="0">
  <testcase classname="com.tests.AMS.EmployeeModuleTest" name="ExecuteAllEmployeeTCs" time="13.117"/>
</testsuite> <!-- com.tests.AMS.EmployeeModuleTest -->
