<?xml version="1.0" encoding="UTF-8"?>
<!-- Generated by org.testng.reporters.JUnitReportReporter -->
<testsuite hostname="DESKTOP-413IDC" failures="0" tests="1" name="com.tests.AMS.ForgotPasswordTest" time="1.940" errors="0" timestamp="11 May 2023 04:21:37 GMT" skipped="0">
  <testcase classname="com.tests.AMS.ForgotPasswordTest" name="ExecuteForgotPasswordTests" time="1.940"/>
</testsuite> <!-- com.tests.AMS.ForgotPasswordTest -->
