<?xml version="1.0" encoding="UTF-8"?>
<!-- Generated by org.testng.reporters.JUnitReportReporter -->
<testsuite hostname="DESKTOP-413IDC" failures="0" tests="1" name="com.tests.AMS.AssetsGroupModuleTest" time="9.960" errors="0" timestamp="18 May 2023 04:31:02 GMT" skipped="0">
  <testcase classname="com.tests.AMS.AssetsGroupModuleTest" name="ExecuteAssetsGroupModuleTests" time="9.960"/>
</testsuite> <!-- com.tests.AMS.AssetsGroupModuleTest -->
