<?xml version="1.0" encoding="UTF-8"?>
<!-- Generated by org.testng.reporters.JUnitReportReporter -->
<testsuite hostname="DESKTOP-413IDC" failures="0" tests="1" name="com.tests.AMS.LoginTest" time="8.824" errors="0" timestamp="18 May 2023 04:31:02 GMT" skipped="0">
  <testcase classname="com.tests.AMS.LoginTest" name="ExecuteLoginTests" time="8.824"/>
</testsuite> <!-- com.tests.AMS.LoginTest -->
