<?xml version="1.0" encoding="UTF-8"?>
<!-- Generated by org.testng.reporters.JUnitReportReporter -->
<testsuite hostname="DESKTOP-413IDC" failures="0" tests="1" name="com.tests.AMS.EmployeeModuleTest" time="15.866" errors="0" timestamp="11 May 2023 05:38:56 GMT" skipped="0">
  <testcase classname="com.tests.AMS.EmployeeModuleTest" name="ExecuteEmployeeModuleTests" time="15.866"/>
</testsuite> <!-- com.tests.AMS.EmployeeModuleTest -->
