<?xml version="1.0" encoding="UTF-8"?>
<!-- Generated by org.testng.reporters.JUnitReportReporter -->
<testsuite hostname="DESKTOP-413IDC" failures="0" tests="1" name="com.tests.AMS.DashboardModuleTest" time="8.992" errors="0" timestamp="05 May 2023 09:59:25 GMT" skipped="0">
  <testcase classname="com.tests.AMS.DashboardModuleTest" name="ExecuteDashboardTests" time="8.992"/>
</testsuite> <!-- com.tests.AMS.DashboardModuleTest -->
