<?xml version="1.0" encoding="UTF-8"?>
<!-- Generated by org.testng.reporters.JUnitReportReporter -->
<testsuite hostname="DESKTOP-413IDC" failures="0" tests="1" name="com.tests.AMS.AssetsVendorModuleTest" time="8.696" errors="0" timestamp="15 May 2023 04:45:01 GMT" skipped="0">
  <testcase classname="com.tests.AMS.AssetsVendorModuleTest" name="ExecuteAssetsVendorModuleTests" time="8.696"/>
</testsuite> <!-- com.tests.AMS.AssetsVendorModuleTest -->
