<?xml version="1.0" encoding="UTF-8"?>
<!-- Generated by org.testng.reporters.JUnitReportReporter -->
<testsuite hostname="DESKTOP-413IDC" failures="0" tests="1" name="com.tests.AMS.AssetsStatusModuleTest" time="11.114" errors="0" timestamp="20 Apr 2023 09:18:12 GMT" skipped="0">
  <testcase classname="com.tests.AMS.AssetsStatusModuleTest" name="AssetsGroupModuleTestExecution" time="11.114"/>
</testsuite> <!-- com.tests.AMS.AssetsStatusModuleTest -->
