<?xml version="1.0" encoding="UTF-8"?>
<!-- Generated by org.testng.reporters.JUnitReportReporter -->
<testsuite hostname="DESKTOP-413IDC" failures="0" tests="1" name="com.tests.AMS.DashboardModuleTest" time="4.600" errors="0" timestamp="24 Apr 2023 12:12:21 GMT" skipped="0">
  <testcase classname="com.tests.AMS.DashboardModuleTest" name="DashboardMainPageTest" time="4.600"/>
</testsuite> <!-- com.tests.AMS.DashboardModuleTest -->
