<?xml version="1.0" encoding="UTF-8"?>
<!-- Generated by org.testng.reporters.JUnitReportReporter -->
<testsuite hostname="DESKTOP-413IDC" failures="0" tests="1" name="com.tests.AMS.UserModuleTest" time="10.733" errors="0" timestamp="23 Jun 2023 11:55:26 GMT" skipped="0">
  <testcase classname="com.tests.AMS.UserModuleTest" name="ExecuteUserModuleTests" time="10.733"/>
</testsuite> <!-- com.tests.AMS.UserModuleTest -->
