<?xml version="1.0" encoding="UTF-8"?>
<!-- Generated by org.testng.reporters.JUnitReportReporter -->
<testsuite hostname="DESKTOP-413IDC" failures="0" tests="1" name="com.tests.AMS.AssetsStatusModuleTest" time="8.776" errors="0" timestamp="16 May 2023 06:53:46 GMT" skipped="0">
  <testcase classname="com.tests.AMS.AssetsStatusModuleTest" name="ExecuteAssetsStatusModuleTests" time="8.776"/>
</testsuite> <!-- com.tests.AMS.AssetsStatusModuleTest -->
