<?xml version="1.0" encoding="UTF-8"?>
<!-- Generated by org.testng.reporters.JUnitReportReporter -->
<testsuite hostname="DESKTOP-413IDC" failures="0" tests="1" name="com.tests.AMS.AssetsStatusModuleTest" time="8.735" errors="0" timestamp="23 Jun 2023 11:55:26 GMT" skipped="0">
  <testcase classname="com.tests.AMS.AssetsStatusModuleTest" name="ExecuteAssetsStatusModuleTests" time="8.735"/>
</testsuite> <!-- com.tests.AMS.AssetsStatusModuleTest -->
