<?xml version="1.0" encoding="UTF-8"?>
<!-- Generated by org.testng.reporters.JUnitReportReporter -->
<testsuite hostname="DESKTOP-413IDC" failures="0" tests="1" name="com.tests.AMS.RequestModuleTest" time="8.417" errors="0" timestamp="17 Apr 2023 11:57:19 GMT" skipped="0">
  <testcase classname="com.tests.AMS.RequestModuleTest" name="RequestModuleTestExecution" time="8.417"/>
</testsuite> <!-- com.tests.AMS.RequestModuleTest -->
