<?xml version="1.0" encoding="UTF-8"?>
<!-- Generated by org.testng.reporters.JUnitReportReporter -->
<testsuite hostname="DESKTOP-413IDC" failures="0" tests="1" name="com.tests.AMS.EmployeeModuleTest" time="13.006" errors="0" timestamp="23 Jun 2023 11:55:26 GMT" skipped="0">
  <testcase classname="com.tests.AMS.EmployeeModuleTest" name="ExecuteEmployeeModuleTests" time="13.006"/>
</testsuite> <!-- com.tests.AMS.EmployeeModuleTest -->
