<?xml version="1.0" encoding="UTF-8"?>
<!-- Generated by org.testng.reporters.JUnitReportReporter -->
<testsuite hostname="DESKTOP-413IDC" failures="0" tests="1" name="com.tests.AMS.UserModuleTest" time="9.847" errors="0" timestamp="15 May 2023 04:45:01 GMT" skipped="0">
  <testcase classname="com.tests.AMS.UserModuleTest" name="ExecuteUserModuleTests" time="9.847"/>
</testsuite> <!-- com.tests.AMS.UserModuleTest -->
